TN:
SF:/Users/maxime_beauchemin/code/caravel/superset/assets/javascripts/common.js
FN:6,(anonymous_1)
FN:7,(anonymous_2)
FN:15,appSetup
FNF:3
FNH:0
FNDA:0,(anonymous_1)
FNDA:0,(anonymous_2)
FNDA:0,appSetup
DA:2,0
DA:4,0
DA:6,0
DA:7,0
DA:8,0
DA:9,0
DA:10,0
DA:11,0
DA:18,0
DA:19,0
DA:20,0
LF:11
LH:0
BRF:0
BRH:0
end_of_record
TN:
SF:/Users/maxime_beauchemin/code/caravel/superset/assets/javascripts/constants.js
FNF:0
FNH:0
DA:1,0
LF:1
LH:0
BRF:0
BRH:0
end_of_record
TN:
SF:/Users/maxime_beauchemin/code/caravel/superset/assets/javascripts/css-theme.js
FNF:0
FNH:0
DA:1,0
DA:2,0
LF:2
LH:0
BRF:0
BRH:0
end_of_record
TN:
SF:/Users/maxime_beauchemin/code/caravel/superset/assets/javascripts/reduxUtils.js
FN:5,addToObject
FN:16,alterInObject
FN:22,alterInArr
FN:27,(anonymous_6)
FN:37,removeFromArr
FN:39,(anonymous_8)
FN:47,getFromArr
FN:49,(anonymous_10)
FN:57,addToArr
FN:67,initEnhancer
FN:78,areArraysShallowEqual
FN:98,areObjectsEqual
FNF:12
FNH:0
FNDA:0,addToObject
FNDA:0,alterInObject
FNDA:0,alterInArr
FNDA:0,(anonymous_6)
FNDA:0,removeFromArr
FNDA:0,(anonymous_8)
FNDA:0,getFromArr
FNDA:0,(anonymous_10)
FNDA:0,addToArr
FNDA:0,initEnhancer
FNDA:0,areArraysShallowEqual
FNDA:0,areObjectsEqual
DA:1,0
DA:2,0
DA:3,0
DA:6,0
DA:7,0
DA:9,0
DA:10,0
DA:12,0
DA:13,0
DA:17,0
DA:18,0
DA:19,0
DA:25,0
DA:26,0
DA:27,0
DA:28,0
DA:29,0
DA:31,0
DA:34,0
DA:37,0
DA:38,0
DA:39,0
DA:40,0
DA:41,0
DA:44,0
DA:48,0
DA:49,0
DA:50,0
DA:51,0
DA:54,0
DA:58,0
DA:59,0
DA:60,0
DA:62,0
DA:63,0
DA:64,0
DA:67,0
DA:68,0
DA:69,0
DA:71,0
DA:73,0
DA:75,0
DA:83,0
DA:84,0
DA:86,0
DA:87,0
DA:89,0
DA:90,0
DA:91,0
DA:92,0
DA:95,0
DA:99,0
DA:100,0
DA:102,0
DA:103,0
DA:105,0
DA:106,0
DA:107,0
DA:109,0
DA:110,0
DA:113,0
LF:61
LH:0
BRDA:9,0,0,0
BRDA:9,0,1,0
BRDA:28,1,0,0
BRDA:28,1,1,0
BRDA:37,2,0,0
BRDA:37,2,1,0
BRDA:37,3,0,0
BRDA:37,3,1,0
BRDA:40,4,0,0
BRDA:40,4,1,0
BRDA:50,5,0,0
BRDA:50,5,1,0
BRDA:59,6,0,0
BRDA:59,6,1,0
BRDA:67,7,0,0
BRDA:67,7,1,0
BRDA:67,8,0,0
BRDA:67,8,1,0
BRDA:68,9,0,0
BRDA:68,9,1,0
BRDA:69,10,0,0
BRDA:69,10,1,0
BRDA:71,11,0,0
BRDA:71,11,1,0
BRDA:73,12,0,0
BRDA:73,12,1,0
BRDA:83,13,0,0
BRDA:83,13,1,0
BRDA:83,14,0,0
BRDA:83,14,1,0
BRDA:86,15,0,0
BRDA:86,15,1,0
BRDA:91,16,0,0
BRDA:91,16,1,0
BRDA:99,17,0,0
BRDA:99,17,1,0
BRDA:99,18,0,0
BRDA:99,18,1,0
BRDA:102,19,0,0
BRDA:102,19,1,0
BRDA:106,20,0,0
BRDA:106,20,1,0
BRDA:109,21,0,0
BRDA:109,21,1,0
BRF:44
BRH:0
end_of_record
TN:
SF:/Users/maxime_beauchemin/code/caravel/superset/assets/javascripts/syncBackend.js
FN:7,(anonymous_2)
FN:16,main
FNF:2
FNH:0
FNDA:0,(anonymous_2)
FNDA:0,main
DA:2,0
DA:3,0
DA:4,0
DA:7,0
DA:8,0
DA:9,0
DA:11,0
DA:17,0
DA:18,0
DA:19,0
DA:20,0
DA:22,0
DA:23,0
DA:25,0
LF:14
LH:0
BRDA:8,0,0,0
BRDA:8,0,1,0
BRDA:19,1,0,0
BRDA:19,1,1,0
BRF:4
BRH:0
end_of_record
TN:
SF:/Users/maxime_beauchemin/code/caravel/superset/assets/javascripts/welcome.js
FN:14,modelViewTable
FN:19,(anonymous_2)
FN:21,(anonymous_3)
FN:22,(anonymous_4)
FN:27,(anonymous_5)
FN:56,(anonymous_6)
FNF:6
FNH:0
FNDA:0,modelViewTable
FNDA:0,(anonymous_2)
FNDA:0,(anonymous_3)
FNDA:0,(anonymous_4)
FNDA:0,(anonymous_5)
FNDA:0,(anonymous_6)
DA:2,0
DA:3,0
DA:4,0
DA:6,0
DA:7,0
DA:10,0
DA:12,0
DA:16,0
DA:17,0
DA:18,0
DA:19,0
DA:20,0
DA:21,0
DA:22,0
DA:23,0
DA:25,0
DA:27,0
DA:28,0
DA:30,0
DA:31,0
DA:32,0
DA:43,0
DA:44,0
DA:45,0
DA:46,0
DA:48,0
DA:49,0
DA:50,0
DA:51,0
DA:52,0
DA:53,0
DA:56,0
DA:57,0
LF:33
LH:0
BRF:0
BRH:0
end_of_record
TN:
SF:/Users/maxime_beauchemin/code/caravel/superset/assets/javascripts/SqlLab/actions.js
FN:40,resetState
FN:44,saveQuery
FN:50,(anonymous_3)
FN:50,success
FN:51,(anonymous_5)
FN:51,error
FN:57,startQuery
FN:68,querySuccess
FN:72,queryFailed
FN:76,stopQuery
FN:80,clearQueryResults
FN:84,removeDataPreview
FN:88,requestQueryResults
FN:92,fetchQueryResults
FN:93,(anonymous_15)
FN:96,(anonymous_16)
FN:96,success
FN:96,error
FN:114,runQuery
FN:115,(anonymous_21)
FN:130,(anonymous_22)
FN:130,success
FN:130,error
FN:163,postStopQuery
FN:164,(anonymous_27)
FN:168,(anonymous_28)
FN:168,success
FN:168,error
FN:183,setDatabases
FN:187,addQueryEditor
FN:192,cloneQueryToNewTab
FN:196,addAlert
FN:202,removeAlert
FN:206,setActiveQueryEditor
FN:210,setActiveSouthPaneTab
FN:214,removeQueryEditor
FN:218,removeQuery
FN:222,queryEditorSetDb
FN:226,queryEditorSetSchema
FN:230,queryEditorSetAutorun
FN:234,queryEditorSetTitle
FN:238,queryEditorSetSql
FN:242,queryEditorSetSelectedText
FN:246,mergeTable
FN:250,addTable
FN:251,(anonymous_49)
FN:265,(anonymous_50)
FN:285,(anonymous_51)
FN:294,(anonymous_52)
FN:298,(anonymous_53)
FN:308,changeDataPreviewId
FN:312,reFetchQueryResults
FN:313,(anonymous_56)
FN:329,expandTable
FN:333,collapseTable
FN:337,removeTable
FN:341,refreshQueries
FN:345,popStoredQuery
FN:346,(anonymous_62)
FN:350,(anonymous_63)
FN:350,success
FN:361,(anonymous_65)
FN:361,error
FN:365,popSavedQuery
FN:366,(anonymous_68)
FN:370,(anonymous_69)
FN:370,success
FN:381,(anonymous_71)
FN:381,error
FNF:69
FNH:0
FNDA:0,resetState
FNDA:0,saveQuery
FNDA:0,(anonymous_3)
FNDA:0,success
FNDA:0,(anonymous_5)
FNDA:0,error
FNDA:0,startQuery
FNDA:0,querySuccess
FNDA:0,queryFailed
FNDA:0,stopQuery
FNDA:0,clearQueryResults
FNDA:0,removeDataPreview
FNDA:0,requestQueryResults
FNDA:0,fetchQueryResults
FNDA:0,(anonymous_15)
FNDA:0,(anonymous_16)
FNDA:0,success
FNDA:0,error
FNDA:0,runQuery
FNDA:0,(anonymous_21)
FNDA:0,(anonymous_22)
FNDA:0,success
FNDA:0,error
FNDA:0,postStopQuery
FNDA:0,(anonymous_27)
FNDA:0,(anonymous_28)
FNDA:0,success
FNDA:0,error
FNDA:0,setDatabases
FNDA:0,addQueryEditor
FNDA:0,cloneQueryToNewTab
FNDA:0,addAlert
FNDA:0,removeAlert
FNDA:0,setActiveQueryEditor
FNDA:0,setActiveSouthPaneTab
FNDA:0,removeQueryEditor
FNDA:0,removeQuery
FNDA:0,queryEditorSetDb
FNDA:0,queryEditorSetSchema
FNDA:0,queryEditorSetAutorun
FNDA:0,queryEditorSetTitle
FNDA:0,queryEditorSetSql
FNDA:0,queryEditorSetSelectedText
FNDA:0,mergeTable
FNDA:0,addTable
FNDA:0,(anonymous_49)
FNDA:0,(anonymous_50)
FNDA:0,(anonymous_51)
FNDA:0,(anonymous_52)
FNDA:0,(anonymous_53)
FNDA:0,changeDataPreviewId
FNDA:0,reFetchQueryResults
FNDA:0,(anonymous_56)
FNDA:0,expandTable
FNDA:0,collapseTable
FNDA:0,removeTable
FNDA:0,refreshQueries
FNDA:0,popStoredQuery
FNDA:0,(anonymous_62)
FNDA:0,(anonymous_63)
FNDA:0,success
FNDA:0,(anonymous_65)
FNDA:0,error
FNDA:0,popSavedQuery
FNDA:0,(anonymous_68)
FNDA:0,(anonymous_69)
FNDA:0,success
FNDA:0,(anonymous_71)
FNDA:0,error
DA:2,0
DA:3,0
DA:5,0
DA:7,0
DA:8,0
DA:9,0
DA:10,0
DA:11,0
DA:12,0
DA:13,0
DA:14,0
DA:15,0
DA:16,0
DA:17,0
DA:18,0
DA:19,0
DA:20,0
DA:21,0
DA:22,0
DA:23,0
DA:24,0
DA:25,0
DA:26,0
DA:27,0
DA:28,0
DA:29,0
DA:30,0
DA:31,0
DA:32,0
DA:33,0
DA:34,0
DA:35,0
DA:36,0
DA:37,0
DA:38,0
DA:41,0
DA:45,0
DA:46,0
DA:50,0
DA:51,0
DA:54,0
DA:58,0
DA:65,0
DA:69,0
DA:73,0
DA:77,0
DA:81,0
DA:85,0
DA:89,0
DA:93,0
DA:94,0
DA:95,0
DA:96,0
DA:101,0
DA:104,0
DA:105,0
DA:106,0
DA:108,0
DA:115,0
DA:116,0
DA:117,0
DA:129,0
DA:130,0
DA:136,0
DA:137,0
DA:141,0
DA:142,0
DA:143,0
DA:145,0
DA:146,0
DA:149,0
DA:150,0
DA:151,0
DA:152,0
DA:154,0
DA:155,0
DA:157,0
DA:164,0
DA:165,0
DA:166,0
DA:167,0
DA:168,0
DA:174,0
DA:177,0
DA:184,0
DA:188,0
DA:189,0
DA:193,0
DA:197,0
DA:198,0
DA:199,0
DA:203,0
DA:207,0
DA:211,0
DA:215,0
DA:219,0
DA:223,0
DA:227,0
DA:231,0
DA:235,0
DA:239,0
DA:243,0
DA:247,0
DA:251,0
DA:252,0
DA:258,0
DA:264,0
DA:265,0
DA:266,0
DA:277,0
DA:281,0
DA:283,0
DA:286,0
DA:289,0
DA:290,0
DA:293,0
DA:294,0
DA:295,0
DA:296,0
DA:299,0
DA:302,0
DA:303,0
DA:309,0
DA:313,0
DA:314,0
DA:324,0
DA:325,0
DA:330,0
DA:334,0
DA:338,0
DA:342,0
DA:346,0
DA:347,0
DA:350,0
DA:351,0
DA:352,0
DA:359,0
DA:361,0
DA:366,0
DA:367,0
DA:370,0
DA:371,0
DA:372,0
DA:379,0
DA:381,0
LF:145
LH:0
BRDA:59,0,0,0
BRDA:59,0,1,0
BRDA:62,1,0,0
BRDA:62,1,1,0
BRDA:105,2,0,0
BRDA:105,2,1,0
BRDA:105,3,0,0
BRDA:105,3,1,0
BRDA:136,4,0,0
BRDA:136,4,1,0
BRDA:145,5,0,0
BRDA:145,5,1,0
BRDA:149,6,0,0
BRDA:149,6,1,0
BRDA:149,7,0,0
BRDA:149,7,1,0
BRDA:151,8,0,0
BRDA:151,8,1,0
BRDA:154,9,0,0
BRDA:154,9,1,0
BRDA:353,10,0,0
BRDA:353,10,1,0
BRDA:354,11,0,0
BRDA:354,11,1,0
BRDA:355,12,0,0
BRDA:355,12,1,0
BRDA:356,13,0,0
BRDA:356,13,1,0
BRDA:357,14,0,0
BRDA:357,14,1,0
BRDA:374,15,0,0
BRDA:374,15,1,0
BRF:32
BRH:0
end_of_record
TN:
SF:/Users/maxime_beauchemin/code/caravel/superset/assets/javascripts/SqlLab/constants.js
FNF:0
FNH:0
DA:1,0
DA:10,0
DA:16,0
LF:3
LH:0
BRF:0
BRH:0
end_of_record
TN:
SF:/Users/maxime_beauchemin/code/caravel/superset/assets/javascripts/SqlLab/index.jsx
FNF:0
FNH:0
DA:1,0
DA:2,0
DA:3,0
DA:4,0
DA:5,0
DA:7,0
DA:8,0
DA:9,0
DA:10,0
DA:11,0
DA:13,0
DA:14,0
DA:15,0
DA:17,0
DA:18,0
DA:20,0
DA:21,0
DA:22,0
DA:24,0
DA:28,0
DA:30,0
LF:21
LH:0
BRF:0
BRH:0
end_of_record
TN:
SF:/Users/maxime_beauchemin/code/caravel/superset/assets/javascripts/SqlLab/reducers.js
FN:7,getInitialState
FN:30,(anonymous_4)
FN:30,sqlLabReducer
FN:31,(anonymous_6)
FN:31,(anonymous_7)
FN:39,(anonymous_8)
FN:31,(anonymous_9)
FN:55,(anonymous_10)
FN:57,(anonymous_11)
FN:64,(anonymous_12)
FN:31,(anonymous_13)
FN:31,(anonymous_14)
FN:31,(anonymous_15)
FN:79,(anonymous_16)
FN:31,(anonymous_17)
FN:31,(anonymous_18)
FN:31,(anonymous_19)
FN:118,(anonymous_20)
FN:31,(anonymous_21)
FN:31,(anonymous_22)
FN:31,(anonymous_23)
FN:31,(anonymous_24)
FN:31,(anonymous_25)
FN:31,(anonymous_26)
FN:31,(anonymous_27)
FN:31,(anonymous_28)
FN:31,(anonymous_29)
FN:190,(anonymous_30)
FN:31,(anonymous_31)
FN:31,(anonymous_32)
FN:31,(anonymous_33)
FN:31,(anonymous_34)
FN:31,(anonymous_35)
FN:31,(anonymous_36)
FN:31,(anonymous_37)
FN:31,(anonymous_38)
FN:31,(anonymous_39)
FN:224,(anonymous_40)
FN:31,(anonymous_41)
FN:31,(anonymous_42)
FNF:40
FNH:0
FNDA:0,getInitialState
FNDA:0,(anonymous_4)
FNDA:0,sqlLabReducer
FNDA:0,(anonymous_6)
FNDA:0,(anonymous_7)
FNDA:0,(anonymous_8)
FNDA:0,(anonymous_9)
FNDA:0,(anonymous_10)
FNDA:0,(anonymous_11)
FNDA:0,(anonymous_12)
FNDA:0,(anonymous_13)
FNDA:0,(anonymous_14)
FNDA:0,(anonymous_15)
FNDA:0,(anonymous_16)
FNDA:0,(anonymous_17)
FNDA:0,(anonymous_18)
FNDA:0,(anonymous_19)
FNDA:0,(anonymous_20)
FNDA:0,(anonymous_21)
FNDA:0,(anonymous_22)
FNDA:0,(anonymous_23)
FNDA:0,(anonymous_24)
FNDA:0,(anonymous_25)
FNDA:0,(anonymous_26)
FNDA:0,(anonymous_27)
FNDA:0,(anonymous_28)
FNDA:0,(anonymous_29)
FNDA:0,(anonymous_30)
FNDA:0,(anonymous_31)
FNDA:0,(anonymous_32)
FNDA:0,(anonymous_33)
FNDA:0,(anonymous_34)
FNDA:0,(anonymous_35)
FNDA:0,(anonymous_36)
FNDA:0,(anonymous_37)
FNDA:0,(anonymous_38)
FNDA:0,(anonymous_39)
FNDA:0,(anonymous_40)
FNDA:0,(anonymous_41)
FNDA:0,(anonymous_42)
DA:1,0
DA:2,0
DA:3,0
DA:4,0
DA:8,0
DA:18,0
DA:30,0
DA:31,0
DA:33,0
DA:34,0
DA:35,0
DA:36,0
DA:39,0
DA:41,0
DA:50,0
DA:53,0
DA:55,0
DA:56,0
DA:57,0
DA:58,0
DA:59,0
DA:60,0
DA:63,0
DA:64,0
DA:65,0
DA:66,0
DA:69,0
DA:70,0
DA:71,0
DA:74,0
DA:77,0
DA:78,0
DA:79,0
DA:80,0
DA:85,0
DA:88,0
DA:89,0
DA:90,0
DA:92,0
DA:94,0
DA:96,0
DA:97,0
DA:98,0
DA:99,0
DA:101,0
DA:104,0
DA:107,0
DA:108,0
DA:109,0
DA:110,0
DA:114,0
DA:115,0
DA:117,0
DA:118,0
DA:119,0
DA:120,0
DA:122,0
DA:125,0
DA:129,0
DA:132,0
DA:135,0
DA:136,0
DA:137,0
DA:138,0
DA:139,0
DA:141,0
DA:142,0
DA:143,0
DA:146,0
DA:148,0
DA:149,0
DA:150,0
DA:153,0
DA:156,0
DA:157,0
DA:158,0
DA:161,0
DA:164,0
DA:165,0
DA:167,0
DA:168,0
DA:169,0
DA:171,0
DA:180,0
DA:183,0
DA:184,0
DA:186,0
DA:187,0
DA:190,0
DA:191,0
DA:192,0
DA:193,0
DA:194,0
DA:196,0
DA:199,0
DA:202,0
DA:205,0
DA:208,0
DA:211,0
DA:214,0
DA:217,0
DA:220,0
DA:223,0
DA:224,0
DA:225,0
DA:227,0
DA:230,0
DA:233,0
DA:235,0
DA:236,0
DA:237,0
DA:238,0
DA:239,0
DA:242,0
DA:243,0
DA:245,0
DA:246,0
DA:249,0
DA:250,0
DA:252,0
DA:255,0
DA:256,0
DA:258,0
LF:123
LH:0
BRDA:44,0,0,0
BRDA:44,0,1,0
BRDA:45,1,0,0
BRDA:45,1,1,0
BRDA:59,2,0,0
BRDA:59,2,1,0
BRDA:80,3,0,0
BRDA:80,3,1,0
BRDA:81,4,0,0
BRDA:81,4,1,0
BRDA:81,4,2,0
BRDA:81,4,3,0
BRDA:88,5,0,0
BRDA:88,5,1,0
BRDA:89,6,0,0
BRDA:89,6,1,0
BRDA:98,7,0,0
BRDA:98,7,1,0
BRDA:119,8,0,0
BRDA:119,8,1,0
BRDA:136,9,0,0
BRDA:136,9,1,0
BRDA:138,10,0,0
BRDA:138,10,1,0
BRDA:138,11,0,0
BRDA:138,11,1,0
BRDA:164,12,0,0
BRDA:164,12,1,0
BRDA:168,13,0,0
BRDA:168,13,1,0
BRDA:183,14,0,0
BRDA:183,14,1,0
BRDA:191,15,0,0
BRDA:191,15,1,0
BRDA:239,16,0,0
BRDA:239,16,1,0
BRDA:239,17,0,0
BRDA:239,17,1,0
BRDA:239,17,2,0
BRDA:242,18,0,0
BRDA:242,18,1,0
BRDA:249,19,0,0
BRDA:249,19,1,0
BRDA:255,20,0,0
BRDA:255,20,1,0
BRF:45
BRH:0
end_of_record
TN:
SF:/Users/maxime_beauchemin/code/caravel/superset/assets/javascripts/SqlLab/components/AceEditorWrapper.jsx
FN:24,(anonymous_7)
FN:38,(anonymous_8)
FN:38,onBlur
FN:39,(anonymous_10)
FN:39,onAltEnter
FN:44,AceEditorWrapper
FN:74,(anonymous_24)
FN:74,exec
FN:79,(anonymous_26)
FN:92,(anonymous_31)
FN:95,(anonymous_32)
FN:99,(anonymous_33)
FN:103,(anonymous_34)
FNF:13
FNH:0
FNDA:0,(anonymous_7)
FNDA:0,(anonymous_8)
FNDA:0,onBlur
FNDA:0,(anonymous_10)
FNDA:0,onAltEnter
FNDA:0,AceEditorWrapper
FNDA:0,(anonymous_24)
FNDA:0,exec
FNDA:0,(anonymous_26)
FNDA:0,(anonymous_31)
FNDA:0,(anonymous_32)
FNDA:0,(anonymous_33)
FNDA:0,(anonymous_34)
DA:1,0
DA:2,0
DA:3,0
DA:4,0
DA:5,0
DA:6,0
DA:7,0
DA:8,0
DA:10,0
DA:13,0
DA:19,0
DA:23,0
DA:24,0
DA:28,0
DA:37,0
DA:38,0
DA:39,0
DA:44,0
DA:46,0
DA:52,0
DA:53,0
DA:56,0
DA:57,0
DA:59,0
DA:60,0
DA:64,0
DA:67,0
DA:68,0
DA:70,0
DA:71,0
DA:74,0
DA:75,0
DA:78,0
DA:79,0
DA:80,0
DA:85,0
DA:87,0
DA:89,0
DA:90,0
DA:91,0
DA:92,0
DA:93,0
DA:94,0
DA:95,0
DA:96,0
DA:99,0
DA:103,0
DA:104,0
DA:107,0
DA:108,0
DA:113,0
DA:116,0
DA:133,0
DA:134,0
LF:54
LH:0
BRDA:44,0,0,0
BRDA:44,0,1,0
BRDA:56,1,0,0
BRDA:56,1,1,0
BRDA:59,2,0,0
BRDA:59,2,1,0
BRDA:91,3,0,0
BRDA:91,3,1,0
BRDA:94,4,0,0
BRDA:94,4,1,0
BRDA:107,5,0,0
BRDA:107,5,1,0
BRF:12
BRH:0
end_of_record
TN:
SF:/Users/maxime_beauchemin/code/caravel/superset/assets/javascripts/SqlLab/components/App.jsx
FN:15,App
FN:87,mapStateToProps
FN:92,mapDispatchToProps
FNF:3
FNH:0
FNDA:0,App
FNDA:0,mapStateToProps
FNDA:0,mapDispatchToProps
DA:1,0
DA:2,0
DA:3,0
DA:4,0
DA:6,0
DA:7,0
DA:8,0
DA:9,0
DA:10,0
DA:12,0
DA:15,0
DA:17,0
DA:24,0
DA:25,0
DA:26,0
DA:29,0
DA:30,0
DA:33,0
DA:36,0
DA:37,0
DA:38,0
DA:39,0
DA:40,0
DA:41,0
DA:42,0
DA:43,0
DA:44,0
DA:45,0
DA:46,0
DA:49,0
DA:52,0
DA:53,0
DA:54,0
DA:64,0
DA:71,0
DA:82,0
DA:88,0
DA:93,0
LF:38
LH:0
BRDA:15,0,0,0
BRDA:15,0,1,0
BRDA:43,1,0,0
BRDA:43,1,1,0
BRDA:44,2,0,0
BRDA:44,2,1,0
BRDA:45,3,0,0
BRDA:45,3,1,0
BRDA:53,4,0,0
BRDA:53,4,1,0
BRF:10
BRH:0
end_of_record
TN:
SF:/Users/maxime_beauchemin/code/caravel/superset/assets/javascripts/SqlLab/components/ColumnElement.jsx
FN:21,ColumnElement
FN:27,(anonymous_2)
FNF:2
FNH:0
FNDA:0,ColumnElement
FNDA:0,(anonymous_2)
DA:1,0
DA:2,0
DA:4,0
DA:6,0
DA:10,0
DA:15,0
DA:22,0
DA:23,0
DA:24,0
DA:25,0
DA:26,0
DA:27,0
DA:46,0
DA:56,0
LF:14
LH:0
BRDA:25,0,0,0
BRDA:25,0,1,0
BRDA:25,1,0,0
BRDA:25,1,1,0
BRF:4
BRH:0
end_of_record
TN:
SF:/Users/maxime_beauchemin/code/caravel/superset/assets/javascripts/SqlLab/components/CopyQueryTabUrl.jsx
FNF:0
FNH:0
DA:1,0
DA:2,0
DA:3,0
DA:4,0
DA:6,0
DA:12,0
DA:13,0
DA:20,0
DA:24,0
DA:40,0
LF:10
LH:0
BRF:0
BRH:0
end_of_record
TN:
SF:/Users/maxime_beauchemin/code/caravel/superset/assets/javascripts/SqlLab/components/DataPreviewModal.jsx
FN:52,mapStateToProps
FN:59,mapDispatchToProps
FNF:2
FNH:0
FNDA:0,mapStateToProps
FNDA:0,mapDispatchToProps
DA:1,0
DA:2,0
DA:3,0
DA:4,0
DA:5,0
DA:7,0
DA:8,0
DA:10,0
DA:19,0
DA:22,0
DA:23,0
DA:24,0
DA:47,0
DA:50,0
DA:53,0
DA:60,0
LF:16
LH:0
BRDA:22,0,0,0
BRDA:22,0,1,0
BRDA:22,1,0,0
BRDA:22,1,1,0
BRF:4
BRH:0
end_of_record
TN:
SF:/Users/maxime_beauchemin/code/caravel/superset/assets/javascripts/SqlLab/components/HighlightedSql.jsx
FN:22,HighlightedSql
FN:35,(anonymous_11)
FNF:2
FNH:0
FNDA:0,HighlightedSql
FNDA:0,(anonymous_11)
DA:1,0
DA:2,0
DA:3,0
DA:4,0
DA:5,0
DA:7,0
DA:13,0
DA:22,0
DA:24,0
DA:28,0
DA:29,0
DA:30,0
DA:31,0
DA:32,0
DA:33,0
DA:35,0
DA:36,0
DA:37,0
DA:39,0
DA:44,0
DA:45,0
DA:51,0
DA:52,0
DA:53,0
DA:62,0
DA:75,0
DA:85,0
DA:86,0
LF:28
LH:0
BRDA:22,0,0,0
BRDA:22,0,1,0
BRDA:29,1,0,0
BRDA:29,1,1,0
BRDA:31,2,0,0
BRDA:31,2,1,0
BRDA:36,3,0,0
BRDA:36,3,1,0
BRDA:44,4,0,0
BRDA:44,4,1,0
BRDA:52,5,0,0
BRDA:52,5,1,0
BRDA:52,6,0,0
BRDA:52,6,1,0
BRF:14
BRH:0
end_of_record
TN:
SF:/Users/maxime_beauchemin/code/caravel/superset/assets/javascripts/SqlLab/components/Link.jsx
FN:17,(anonymous_7)
FN:17,onClick
FNF:2
FNH:0
FNDA:0,(anonymous_7)
FNDA:0,onClick
DA:1,0
DA:2,0
DA:3,0
DA:5,0
DA:14,0
DA:17,0
DA:27,0
DA:32,0
DA:41,0
DA:42,0
DA:53,0
DA:56,0
DA:57,0
LF:13
LH:0
BRDA:41,0,0,0
BRDA:41,0,1,0
BRF:2
BRH:0
end_of_record
TN:
SF:/Users/maxime_beauchemin/code/caravel/superset/assets/javascripts/SqlLab/components/QueryAutoRefresh.jsx
FN:23,(anonymous_16)
FN:24,(anonymous_17)
FN:40,(anonymous_24)
FN:57,mapStateToProps
FN:64,mapDispatchToProps
FNF:5
FNH:0
FNDA:0,(anonymous_16)
FNDA:0,(anonymous_17)
FNDA:0,(anonymous_24)
FNDA:0,mapStateToProps
FNDA:0,mapDispatchToProps
DA:1,0
DA:2,0
DA:3,0
DA:4,0
DA:5,0
DA:7,0
DA:9,0
DA:10,0
DA:14,0
DA:17,0
DA:21,0
DA:22,0
DA:23,0
DA:24,0
DA:28,0
DA:29,0
DA:33,0
DA:34,0
DA:36,0
DA:38,0
DA:39,0
DA:40,0
DA:41,0
DA:42,0
DA:48,0
DA:51,0
DA:58,0
DA:65,0
LF:28
LH:0
BRDA:28,0,0,0
BRDA:28,0,1,0
BRDA:38,1,0,0
BRDA:38,1,1,0
BRDA:41,2,0,0
BRDA:41,2,1,0
BRF:6
BRH:0
end_of_record
TN:
SF:/Users/maxime_beauchemin/code/caravel/superset/assets/javascripts/SqlLab/components/QueryHistory.jsx
FN:12,(anonymous_1)
FN:12,QueryHistory
FNF:2
FNH:0
FNDA:0,(anonymous_1)
FNDA:0,QueryHistory
DA:1,0
DA:2,0
DA:3,0
DA:5,0
DA:7,0
DA:12,0
DA:13,0
DA:14,0
DA:25,0
DA:31,0
LF:10
LH:0
BRDA:13,0,0,0
BRDA:13,0,1,0
BRF:2
BRH:0
end_of_record
TN:
SF:/Users/maxime_beauchemin/code/caravel/superset/assets/javascripts/SqlLab/components/QuerySearch.jsx
FN:19,QuerySearch
FN:38,(anonymous_13)
FN:41,(anonymous_16)
FN:81,(anonymous_29)
FN:100,(anonymous_38)
FN:122,(anonymous_41)
FN:161,(anonymous_44)
FN:171,(anonymous_45)
FN:181,(anonymous_46)
FNF:9
FNH:0
FNDA:0,QuerySearch
FNDA:0,(anonymous_13)
FNDA:0,(anonymous_16)
FNDA:0,(anonymous_29)
FNDA:0,(anonymous_38)
FNDA:0,(anonymous_41)
FNDA:0,(anonymous_44)
FNDA:0,(anonymous_45)
FNDA:0,(anonymous_46)
DA:1,0
DA:2,0
DA:3,0
DA:4,0
DA:5,0
DA:6,0
DA:8,0
DA:9,0
DA:11,0
DA:13,0
DA:19,0
DA:21,0
DA:35,0
DA:37,0
DA:38,0
DA:40,0
DA:41,0
DA:44,0
DA:45,0
DA:48,0
DA:50,0
DA:52,0
DA:54,0
DA:56,0
DA:58,0
DA:60,0
DA:62,0
DA:64,0
DA:68,0
DA:69,0
DA:72,0
DA:73,0
DA:76,0
DA:77,0
DA:80,0
DA:81,0
DA:83,0
DA:86,0
DA:87,0
DA:90,0
DA:93,0
DA:94,0
DA:95,0
DA:97,0
DA:100,0
DA:101,0
DA:102,0
DA:103,0
DA:108,0
DA:110,0
DA:111,0
DA:112,0
DA:121,0
DA:122,0
DA:123,0
DA:124,0
DA:129,0
DA:161,0
DA:171,0
DA:181,0
DA:219,0
LF:61
LH:0
BRDA:19,0,0,0
BRDA:19,0,1,0
BRDA:44,1,0,0
BRDA:44,1,1,0
BRDA:49,2,0,0
BRDA:49,2,1,0
BRDA:49,2,2,0
BRDA:49,2,3,0
BRDA:49,2,4,0
BRDA:49,2,5,0
BRDA:49,2,6,0
BRDA:49,2,7,0
BRDA:68,3,0,0
BRDA:68,3,1,0
BRDA:72,4,0,0
BRDA:72,4,1,0
BRDA:76,5,0,0
BRDA:76,5,1,0
BRDA:86,6,0,0
BRDA:86,6,1,0
BRDA:102,7,0,0
BRDA:102,7,1,0
BRDA:113,8,0,0
BRDA:113,8,1,0
BRDA:114,9,0,0
BRDA:114,9,1,0
BRDA:115,10,0,0
BRDA:115,10,1,0
BRDA:116,11,0,0
BRDA:116,11,1,0
BRDA:117,12,0,0
BRDA:117,12,1,0
BRDA:118,13,0,0
BRDA:118,13,1,0
BRDA:123,14,0,0
BRDA:123,14,1,0
BRDA:193,15,0,0
BRDA:193,15,1,0
BRF:38
BRH:0
end_of_record
TN:
SF:/Users/maxime_beauchemin/code/caravel/superset/assets/javascripts/SqlLab/components/QueryTable.jsx
FN:26,(anonymous_7)
FN:26,onUserClicked
FN:27,(anonymous_9)
FN:27,onDbClicked
FN:32,QueryTable
FN:77,(anonymous_33)
FN:147,(anonymous_34)
FNF:7
FNH:0
FNDA:0,(anonymous_7)
FNDA:0,onUserClicked
FNDA:0,(anonymous_9)
FNDA:0,onDbClicked
FNDA:0,QueryTable
FNDA:0,(anonymous_33)
FNDA:0,(anonymous_34)
DA:1,0
DA:2,0
DA:4,0
DA:5,0
DA:6,0
DA:7,0
DA:8,0
DA:9,0
DA:10,0
DA:11,0
DA:12,0
DA:13,0
DA:14,0
DA:16,0
DA:23,0
DA:26,0
DA:27,0
DA:32,0
DA:34,0
DA:35,0
DA:36,0
DA:43,0
DA:46,0
DA:52,0
DA:55,0
DA:58,0
DA:61,0
DA:65,0
DA:68,0
DA:71,0
DA:74,0
DA:76,0
DA:77,0
DA:78,0
DA:79,0
DA:80,0
DA:82,0
DA:83,0
DA:90,0
DA:98,0
DA:106,0
DA:107,0
DA:117,0
DA:122,0
DA:123,0
DA:146,0
DA:147,0
DA:149,0
DA:157,0
DA:158,0
DA:159,0
DA:165,0
DA:173,0
DA:199,0
DA:201,0
DA:218,0
DA:219,0
LF:57
LH:0
BRDA:32,0,0,0
BRDA:32,0,1,0
BRDA:79,1,0,0
BRDA:79,1,1,0
BRDA:122,2,0,0
BRDA:122,2,1,0
BRDA:146,3,0,0
BRDA:146,3,1,0
BRDA:146,4,0,0
BRDA:146,4,1,0
BRDA:146,4,2,0
BRDA:158,5,0,0
BRDA:158,5,1,0
BRF:13
BRH:0
end_of_record
TN:
SF:/Users/maxime_beauchemin/code/caravel/superset/assets/javascripts/SqlLab/components/ResultSet.jsx
FN:32,ResultSet
FN:209,(anonymous_33)
FNF:2
FNH:0
FNDA:0,ResultSet
FNDA:0,(anonymous_33)
DA:1,0
DA:2,0
DA:3,0
DA:4,0
DA:6,0
DA:7,0
DA:8,0
DA:10,0
DA:20,0
DA:29,0
DA:32,0
DA:34,0
DA:43,0
DA:47,0
DA:50,0
DA:55,0
DA:57,0
DA:61,0
DA:62,0
DA:63,0
DA:64,0
DA:70,0
DA:71,0
DA:72,0
DA:81,0
DA:82,0
DA:83,0
DA:92,0
DA:108,0
DA:111,0
DA:114,0
DA:121,0
DA:124,0
DA:127,0
DA:130,0
DA:133,0
DA:136,0
DA:139,0
DA:140,0
DA:141,0
DA:145,0
DA:146,0
DA:147,0
DA:148,0
DA:149,0
DA:151,0
DA:154,0
DA:156,0
DA:157,0
DA:160,0
DA:161,0
DA:163,0
DA:164,0
DA:165,0
DA:166,0
DA:173,0
DA:179,0
DA:180,0
DA:181,0
DA:182,0
DA:196,0
DA:197,0
DA:198,0
DA:209,0
DA:217,0
DA:218,0
DA:228,0
DA:231,0
DA:232,0
LF:69
LH:0
BRDA:32,0,0,0
BRDA:32,0,1,0
BRDA:38,1,0,0
BRDA:38,1,1,0
BRDA:47,2,0,0
BRDA:47,2,1,0
BRDA:47,3,0,0
BRDA:47,3,1,0
BRDA:47,3,2,0
BRDA:47,3,3,0
BRDA:55,4,0,0
BRDA:55,4,1,0
BRDA:55,5,0,0
BRDA:55,5,1,0
BRDA:61,6,0,0
BRDA:61,6,1,0
BRDA:61,7,0,0
BRDA:61,7,1,0
BRDA:61,7,2,0
BRDA:63,8,0,0
BRDA:63,8,1,0
BRDA:71,9,0,0
BRDA:71,9,1,0
BRDA:82,10,0,0
BRDA:82,10,1,0
BRDA:140,11,0,0
BRDA:140,11,1,0
BRDA:140,12,0,0
BRDA:140,12,1,0
BRDA:148,13,0,0
BRDA:148,13,1,0
BRDA:148,14,0,0
BRDA:148,14,1,0
BRDA:151,15,0,0
BRDA:151,15,1,0
BRDA:156,16,0,0
BRDA:156,16,1,0
BRDA:160,17,0,0
BRDA:160,17,1,0
BRDA:163,18,0,0
BRDA:163,18,1,0
BRDA:165,19,0,0
BRDA:165,19,1,0
BRDA:165,20,0,0
BRDA:165,20,1,0
BRDA:179,21,0,0
BRDA:179,21,1,0
BRDA:181,22,0,0
BRDA:181,22,1,0
BRDA:181,23,0,0
BRDA:181,23,1,0
BRDA:196,24,0,0
BRDA:196,24,1,0
BRDA:197,25,0,0
BRDA:197,25,1,0
BRDA:197,26,0,0
BRDA:197,26,1,0
BRDA:197,26,2,0
BRDA:217,27,0,0
BRDA:217,27,1,0
BRF:60
BRH:0
end_of_record
TN:
SF:/Users/maxime_beauchemin/code/caravel/superset/assets/javascripts/SqlLab/components/RunQueryActionButton.jsx
FN:17,RunQueryActionButton
FN:32,(anonymous_3)
FN:32,onClick
FN:42,(anonymous_5)
FN:42,onClick
FNF:5
FNH:0
FNDA:0,RunQueryActionButton
FNDA:0,(anonymous_3)
FNDA:0,onClick
FNDA:0,(anonymous_5)
FNDA:0,onClick
DA:1,0
DA:2,0
DA:3,0
DA:5,0
DA:13,0
DA:18,0
DA:19,0
DA:20,0
DA:21,0
DA:23,0
DA:30,0
DA:32,0
DA:40,0
DA:42,0
DA:51,0
DA:59,0
DA:60,0
DA:61,0
DA:62,0
DA:63,0
DA:65,0
DA:68,0
DA:75,0
DA:76,0
LF:24
LH:0
BRDA:18,0,0,0
BRDA:18,0,1,0
BRDA:19,1,0,0
BRDA:19,1,1,0
BRDA:60,2,0,0
BRDA:60,2,1,0
BRDA:62,3,0,0
BRDA:62,3,1,0
BRF:8
BRH:0
end_of_record
TN:
SF:/Users/maxime_beauchemin/code/caravel/superset/assets/javascripts/SqlLab/components/SaveQuery.jsx
FN:17,(anonymous_7)
FN:17,onSave
FN:21,SaveQuery
FNF:3
FNH:0
FNDA:0,(anonymous_7)
FNDA:0,onSave
FNDA:0,SaveQuery
DA:1,0
DA:2,0
DA:3,0
DA:4,0
DA:6,0
DA:14,0
DA:17,0
DA:21,0
DA:23,0
DA:28,0
DA:29,0
DA:30,0
DA:31,0
DA:32,0
DA:35,0
DA:42,0
DA:43,0
DA:46,0
DA:49,0
DA:52,0
DA:55,0
DA:58,0
DA:110,0
DA:128,0
DA:129,0
LF:25
LH:0
BRDA:21,0,0,0
BRDA:21,0,1,0
BRF:2
BRH:0
end_of_record
TN:
SF:/Users/maxime_beauchemin/code/caravel/superset/assets/javascripts/SqlLab/components/SouthPane.jsx
FN:28,SouthPane
FN:82,(anonymous_16)
FN:128,mapStateToProps
FN:134,mapDispatchToProps
FNF:4
FNH:0
FNDA:0,SouthPane
FNDA:0,(anonymous_16)
FNDA:0,mapStateToProps
FNDA:0,mapDispatchToProps
DA:1,0
DA:2,0
DA:3,0
DA:4,0
DA:5,0
DA:6,0
DA:8,0
DA:9,0
DA:10,0
DA:16,0
DA:23,0
DA:28,0
DA:30,0
DA:39,0
DA:42,0
DA:45,0
DA:48,0
DA:51,0
DA:56,0
DA:59,0
DA:61,0
DA:62,0
DA:63,0
DA:64,0
DA:65,0
DA:67,0
DA:68,0
DA:69,0
DA:79,0
DA:82,0
DA:99,0
DA:129,0
DA:135,0
DA:140,0
DA:141,0
LF:35
LH:0
BRDA:28,0,0,0
BRDA:28,0,1,0
BRDA:64,1,0,0
BRDA:64,1,1,0
BRDA:68,2,0,0
BRDA:68,2,1,0
BRF:6
BRH:0
end_of_record
TN:
SF:/Users/maxime_beauchemin/code/caravel/superset/assets/javascripts/SqlLab/components/SqlEditor.jsx
FN:46,SqlEditor
FNF:1
FNH:0
FNDA:0,SqlEditor
DA:1,0
DA:2,0
DA:3,0
DA:16,0
DA:18,0
DA:19,0
DA:20,0
DA:21,0
DA:22,0
DA:23,0
DA:24,0
DA:26,0
DA:38,0
DA:46,0
DA:48,0
DA:54,0
DA:57,0
DA:58,0
DA:59,0
DA:60,0
DA:64,0
DA:66,0
DA:67,0
DA:68,0
DA:69,0
DA:71,0
DA:73,0
DA:74,0
DA:75,0
DA:85,0
DA:86,0
DA:89,0
DA:92,0
DA:95,0
DA:99,0
DA:100,0
DA:101,0
DA:102,0
DA:106,0
DA:107,0
DA:108,0
DA:110,0
DA:116,0
DA:122,0
DA:123,0
DA:124,0
DA:125,0
DA:150,0
DA:184,0
DA:237,0
DA:238,0
LF:51
LH:0
BRDA:46,0,0,0
BRDA:46,0,1,0
BRDA:57,1,0,0
BRDA:57,1,1,0
BRDA:66,2,0,0
BRDA:66,2,1,0
BRDA:66,3,0,0
BRDA:66,3,1,0
BRDA:68,4,0,0
BRDA:68,4,1,0
BRDA:73,5,0,0
BRDA:73,5,1,0
BRDA:73,6,0,0
BRDA:73,6,1,0
BRDA:73,7,0,0
BRDA:73,7,1,0
BRDA:73,8,0,0
BRDA:73,8,1,0
BRDA:77,9,0,0
BRDA:77,9,1,0
BRDA:81,10,0,0
BRDA:81,10,1,0
BRDA:108,11,0,0
BRDA:108,11,1,0
BRDA:108,12,0,0
BRDA:108,12,1,0
BRDA:123,13,0,0
BRDA:123,13,1,0
BRDA:123,14,0,0
BRDA:123,14,1,0
BRDA:154,15,0,0
BRDA:154,15,1,0
BRDA:156,16,0,0
BRDA:156,16,1,0
BRDA:173,17,0,0
BRDA:173,17,1,0
BRDA:211,18,0,0
BRDA:211,18,1,0
BRDA:212,19,0,0
BRDA:212,19,1,0
BRDA:213,20,0,0
BRDA:213,20,1,0
BRDA:214,21,0,0
BRDA:214,21,1,0
BRF:44
BRH:0
end_of_record
TN:
SF:/Users/maxime_beauchemin/code/caravel/superset/assets/javascripts/SqlLab/components/SqlEditorLeftBar.jsx
FN:26,SqlEditorLeftBar
FN:57,(anonymous_15)
FN:60,(anonymous_18)
FN:78,(anonymous_23)
FN:87,(anonymous_24)
FN:124,(anonymous_31)
FN:125,(anonymous_32)
FN:128,(anonymous_33)
FN:152,(anonymous_38)
FN:152,onAsyncError
FN:156,(anonymous_40)
FN:156,valueRenderer
FN:172,(anonymous_42)
FN:172,valueRenderer
FN:213,(anonymous_44)
FNF:15
FNH:0
FNDA:0,SqlEditorLeftBar
FNDA:0,(anonymous_15)
FNDA:0,(anonymous_18)
FNDA:0,(anonymous_23)
FNDA:0,(anonymous_24)
FNDA:0,(anonymous_31)
FNDA:0,(anonymous_32)
FNDA:0,(anonymous_33)
FNDA:0,(anonymous_38)
FNDA:0,onAsyncError
FNDA:0,(anonymous_40)
FNDA:0,valueRenderer
FNDA:0,(anonymous_42)
FNDA:0,valueRenderer
FNDA:0,(anonymous_44)
DA:2,0
DA:3,0
DA:4,0
DA:5,0
DA:6,0
DA:8,0
DA:9,0
DA:11,0
DA:13,0
DA:20,0
DA:26,0
DA:28,0
DA:36,0
DA:37,0
DA:40,0
DA:41,0
DA:42,0
DA:43,0
DA:44,0
DA:45,0
DA:47,0
DA:48,0
DA:52,0
DA:53,0
DA:55,0
DA:57,0
DA:60,0
DA:61,0
DA:62,0
DA:63,0
DA:68,0
DA:71,0
DA:73,0
DA:75,0
DA:76,0
DA:77,0
DA:78,0
DA:79,0
DA:80,0
DA:88,0
DA:89,0
DA:92,0
DA:96,0
DA:97,0
DA:98,0
DA:100,0
DA:101,0
DA:102,0
DA:103,0
DA:104,0
DA:106,0
DA:107,0
DA:108,0
DA:109,0
DA:110,0
DA:112,0
DA:115,0
DA:116,0
DA:117,0
DA:119,0
DA:120,0
DA:121,0
DA:122,0
DA:123,0
DA:124,0
DA:125,0
DA:126,0
DA:129,0
DA:130,0
DA:135,0
DA:138,0
DA:139,0
DA:140,0
DA:141,0
DA:152,0
DA:156,0
DA:172,0
DA:213,0
DA:232,0
DA:233,0
LF:80
LH:0
BRDA:26,0,0,0
BRDA:26,0,1,0
BRDA:40,1,0,0
BRDA:40,1,1,0
BRDA:44,2,0,0
BRDA:44,2,1,0
BRDA:52,3,0,0
BRDA:52,3,1,0
BRDA:52,4,0,0
BRDA:52,4,1,0
BRDA:62,5,0,0
BRDA:62,5,1,0
BRDA:75,6,0,0
BRDA:75,6,1,0
BRDA:75,7,0,0
BRDA:75,7,1,0
BRDA:96,8,0,0
BRDA:96,8,1,0
BRDA:103,9,0,0
BRDA:103,9,1,0
BRDA:115,10,0,0
BRDA:115,10,1,0
BRDA:120,11,0,0
BRDA:120,11,1,0
BRDA:121,12,0,0
BRDA:121,12,1,0
BRDA:183,13,0,0
BRDA:183,13,1,0
BRDA:196,14,0,0
BRDA:196,14,1,0
BRDA:223,15,0,0
BRDA:223,15,1,0
BRF:32
BRH:0
end_of_record
TN:
SF:/Users/maxime_beauchemin/code/caravel/superset/assets/javascripts/SqlLab/components/TabbedSqlEditors.jsx
FN:30,TabbedSqlEditors
FN:51,(anonymous_12)
FN:55,(anonymous_13)
FN:87,(anonymous_16)
FN:147,(anonymous_33)
FN:196,(anonymous_34)
FN:232,mapStateToProps
FN:242,mapDispatchToProps
FNF:8
FNH:0
FNDA:0,TabbedSqlEditors
FNDA:0,(anonymous_12)
FNDA:0,(anonymous_13)
FNDA:0,(anonymous_16)
FNDA:0,(anonymous_33)
FNDA:0,(anonymous_34)
FNDA:0,mapStateToProps
FNDA:0,mapDispatchToProps
DA:1,0
DA:2,0
DA:3,0
DA:4,0
DA:5,0
DA:6,0
DA:8,0
DA:9,0
DA:10,0
DA:11,0
DA:13,0
DA:23,0
DA:27,0
DA:30,0
DA:32,0
DA:33,0
DA:40,0
DA:41,0
DA:42,0
DA:43,0
DA:44,0
DA:45,0
DA:46,0
DA:47,0
DA:48,0
DA:49,0
DA:50,0
DA:51,0
DA:52,0
DA:53,0
DA:54,0
DA:55,0
DA:56,0
DA:57,0
DA:62,0
DA:69,0
DA:71,0
DA:75,0
DA:76,0
DA:77,0
DA:78,0
DA:79,0
DA:82,0
DA:83,0
DA:86,0
DA:87,0
DA:88,0
DA:89,0
DA:90,0
DA:93,0
DA:94,0
DA:98,0
DA:100,0
DA:104,0
DA:105,0
DA:106,0
DA:110,0
DA:111,0
DA:112,0
DA:113,0
DA:114,0
DA:117,0
DA:120,0
DA:121,0
DA:122,0
DA:131,0
DA:134,0
DA:135,0
DA:137,0
DA:141,0
DA:144,0
DA:146,0
DA:147,0
DA:148,0
DA:150,0
DA:151,0
DA:152,0
DA:154,0
DA:155,0
DA:156,0
DA:158,0
DA:161,0
DA:185,0
DA:196,0
DA:210,0
DA:229,0
DA:230,0
DA:233,0
DA:243,0
LF:89
LH:0
BRDA:30,0,0,0
BRDA:30,0,1,0
BRDA:42,1,0,0
BRDA:42,1,1,0
BRDA:42,2,0,0
BRDA:42,2,1,0
BRDA:42,2,2,0
BRDA:43,3,0,0
BRDA:43,3,1,0
BRDA:45,4,0,0
BRDA:45,4,1,0
BRDA:47,5,0,0
BRDA:47,5,1,0
BRDA:49,6,0,0
BRDA:49,6,1,0
BRDA:54,7,0,0
BRDA:54,7,1,0
BRDA:56,8,0,0
BRDA:56,8,1,0
BRDA:78,9,0,0
BRDA:78,9,1,0
BRDA:82,10,0,0
BRDA:82,10,1,0
BRDA:89,11,0,0
BRDA:89,11,1,0
BRDA:89,12,0,0
BRDA:89,12,1,0
BRDA:89,12,2,0
BRDA:93,13,0,0
BRDA:93,13,1,0
BRDA:105,14,0,0
BRDA:105,14,1,0
BRDA:113,15,0,0
BRDA:113,15,1,0
BRDA:125,16,0,0
BRDA:125,16,1,0
BRDA:124,17,0,0
BRDA:124,17,1,0
BRDA:127,18,0,0
BRDA:127,18,1,0
BRDA:134,19,0,0
BRDA:134,19,1,0
BRDA:151,20,0,0
BRDA:151,20,1,0
BRDA:155,21,0,0
BRDA:155,21,1,0
BRDA:158,22,0,0
BRDA:158,22,1,0
BRDA:174,23,0,0
BRDA:174,23,1,0
BRDA:180,24,0,0
BRDA:180,24,1,0
BRDA:193,25,0,0
BRDA:193,25,1,0
BRF:54
BRH:0
end_of_record
TN:
SF:/Users/maxime_beauchemin/code/caravel/superset/assets/javascripts/SqlLab/components/TableElement.jsx
FN:26,TableElement
FN:112,(anonymous_23)
FN:165,(anonymous_26)
FN:165,onClick
FN:189,(anonymous_30)
FN:200,(anonymous_31)
FNF:6
FNH:0
FNDA:0,TableElement
FNDA:0,(anonymous_23)
FNDA:0,(anonymous_26)
FNDA:0,onClick
FNDA:0,(anonymous_30)
FNDA:0,(anonymous_31)
DA:1,0
DA:2,0
DA:4,0
DA:5,0
DA:7,0
DA:8,0
DA:9,0
DA:10,0
DA:11,0
DA:13,0
DA:19,0
DA:26,0
DA:28,0
DA:35,0
DA:42,0
DA:46,0
DA:47,0
DA:48,0
DA:50,0
DA:55,0
DA:56,0
DA:59,0
DA:63,0
DA:67,0
DA:68,0
DA:69,0
DA:70,0
DA:71,0
DA:72,0
DA:73,0
DA:74,0
DA:75,0
DA:84,0
DA:85,0
DA:86,0
DA:88,0
DA:89,0
DA:99,0
DA:102,0
DA:103,0
DA:104,0
DA:105,0
DA:112,0
DA:124,0
DA:157,0
DA:158,0
DA:159,0
DA:165,0
DA:184,0
DA:185,0
DA:186,0
DA:187,0
DA:188,0
DA:189,0
DA:193,0
DA:200,0
DA:208,0
DA:212,0
DA:229,0
DA:230,0
LF:60
LH:0
BRDA:26,0,0,0
BRDA:26,0,1,0
BRDA:47,1,0,0
BRDA:47,1,1,0
BRDA:69,2,0,0
BRDA:69,2,1,0
BRDA:72,3,0,0
BRDA:72,3,1,0
BRDA:104,4,0,0
BRDA:104,4,1,0
BRDA:104,5,0,0
BRDA:104,5,1,0
BRDA:129,6,0,0
BRDA:129,6,1,0
BRDA:134,7,0,0
BRDA:134,7,1,0
BRDA:138,8,0,0
BRDA:138,8,1,0
BRDA:169,9,0,0
BRDA:169,9,1,0
BRDA:175,10,0,0
BRDA:175,10,1,0
BRDA:174,11,0,0
BRDA:174,11,1,0
BRDA:186,12,0,0
BRDA:186,12,1,0
BRDA:188,13,0,0
BRDA:188,13,1,0
BRDA:200,14,0,0
BRDA:200,14,1,0
BRF:30
BRH:0
end_of_record
TN:
SF:/Users/maxime_beauchemin/code/caravel/superset/assets/javascripts/SqlLab/components/VisualizeModal.jsx
FN:27,(anonymous_8)
FN:27,onHide
FN:31,VisualizeModal
FN:54,(anonymous_18)
FN:74,(anonymous_23)
FN:108,(anonymous_28)
FN:133,(anonymous_31)
FN:133,success
FN:134,(anonymous_33)
FN:136,(anonymous_34)
FN:137,(anonymous_35)
FN:153,(anonymous_36)
FN:153,error
FN:185,(anonymous_46)
FN:217,(anonymous_47)
FNF:15
FNH:0
FNDA:0,(anonymous_8)
FNDA:0,onHide
FNDA:0,VisualizeModal
FNDA:0,(anonymous_18)
FNDA:0,(anonymous_23)
FNDA:0,(anonymous_28)
FNDA:0,(anonymous_31)
FNDA:0,success
FNDA:0,(anonymous_33)
FNDA:0,(anonymous_34)
FNDA:0,(anonymous_35)
FNDA:0,(anonymous_36)
FNDA:0,error
FNDA:0,(anonymous_46)
FNDA:0,(anonymous_47)
DA:2,0
DA:3,0
DA:4,0
DA:6,0
DA:7,0
DA:8,0
DA:9,0
DA:10,0
DA:12,0
DA:19,0
DA:24,0
DA:27,0
DA:31,0
DA:33,0
DA:41,0
DA:44,0
DA:47,0
DA:51,0
DA:53,0
DA:54,0
DA:55,0
DA:57,0
DA:60,0
DA:61,0
DA:62,0
DA:63,0
DA:64,0
DA:65,0
DA:66,0
DA:68,0
DA:71,0
DA:72,0
DA:73,0
DA:74,0
DA:75,0
DA:76,0
DA:84,0
DA:85,0
DA:86,0
DA:87,0
DA:88,0
DA:89,0
DA:90,0
DA:91,0
DA:94,0
DA:95,0
DA:100,0
DA:103,0
DA:106,0
DA:107,0
DA:108,0
DA:109,0
DA:110,0
DA:114,0
DA:116,0
DA:117,0
DA:124,0
DA:125,0
DA:133,0
DA:134,0
DA:135,0
DA:136,0
DA:137,0
DA:138,0
DA:144,0
DA:145,0
DA:146,0
DA:148,0
DA:149,0
DA:151,0
DA:153,0
DA:157,0
DA:158,0
DA:161,0
DA:162,0
DA:163,0
DA:164,0
DA:167,0
DA:168,0
DA:169,0
DA:170,0
DA:171,0
DA:173,0
DA:174,0
DA:175,0
DA:185,0
DA:217,0
DA:221,0
DA:268,0
DA:271,0
DA:272,0
LF:91
LH:0
BRDA:31,0,0,0
BRDA:31,0,1,0
BRDA:47,1,0,0
BRDA:47,1,1,0
BRDA:48,2,0,0
BRDA:48,2,1,0
BRDA:48,2,2,0
BRDA:63,3,0,0
BRDA:63,3,1,0
BRDA:64,4,0,0
BRDA:64,4,1,0
BRDA:65,5,0,0
BRDA:65,5,1,0
BRDA:75,6,0,0
BRDA:75,6,1,0
BRDA:84,7,0,0
BRDA:84,7,1,0
BRDA:86,8,0,0
BRDA:86,8,1,0
BRDA:90,9,0,0
BRDA:90,9,1,0
BRDA:90,10,0,0
BRDA:90,10,1,0
BRDA:94,11,0,0
BRDA:94,11,1,0
BRDA:107,12,0,0
BRDA:107,12,1,0
BRDA:107,13,0,0
BRDA:107,13,1,0
BRDA:109,14,0,0
BRDA:109,14,1,0
BRDA:144,15,0,0
BRDA:144,15,1,0
BRDA:148,16,0,0
BRDA:148,16,1,0
BRDA:168,17,0,0
BRDA:168,17,1,0
BRDA:174,18,0,0
BRDA:174,18,1,0
BRDA:174,19,0,0
BRDA:174,19,1,0
BRDA:174,19,2,0
BRDA:191,20,0,0
BRDA:191,20,1,0
BRDA:200,21,0,0
BRDA:200,21,1,0
BRDA:213,22,0,0
BRDA:213,22,1,0
BRDA:235,23,0,0
BRDA:235,23,1,0
BRF:50
BRH:0
end_of_record
TN:
SF:/Users/maxime_beauchemin/code/caravel/superset/assets/javascripts/components/AlertsWrapper.jsx
FN:8,(anonymous_11)
FN:8,ref
FNF:2
FNH:0
FNDA:0,(anonymous_11)
FNDA:0,ref
DA:1,0
DA:2,0
DA:6,0
DA:8,0
DA:9,0
LF:5
LH:0
BRF:0
BRH:0
end_of_record
TN:
SF:/Users/maxime_beauchemin/code/caravel/superset/assets/javascripts/components/AsyncSelect.jsx
FN:20,(anonymous_7)
FN:20,valueRenderer
FN:21,(anonymous_9)
FN:21,onAsyncError
FN:25,AsyncSelect
FN:41,(anonymous_19)
FN:48,(anonymous_20)
FN:51,(anonymous_21)
FNF:8
FNH:0
FNDA:0,(anonymous_7)
FNDA:0,valueRenderer
FNDA:0,(anonymous_9)
FNDA:0,onAsyncError
FNDA:0,AsyncSelect
FNDA:0,(anonymous_19)
FNDA:0,(anonymous_20)
FNDA:0,(anonymous_21)
DA:1,0
DA:2,0
DA:3,0
DA:5,0
DA:7,0
DA:18,0
DA:20,0
DA:21,0
DA:25,0
DA:27,0
DA:33,0
DA:36,0
DA:38,0
DA:39,0
DA:40,0
DA:41,0
DA:42,0
DA:44,0
DA:45,0
DA:49,0
DA:52,0
DA:56,0
DA:71,0
DA:72,0
LF:24
LH:0
BRDA:25,0,0,0
BRDA:25,0,1,0
BRDA:42,1,0,0
BRDA:42,1,1,0
BRDA:44,2,0,0
BRDA:44,2,1,0
BRDA:44,3,0,0
BRDA:44,3,1,0
BRDA:44,3,2,0
BRF:9
BRH:0
end_of_record
TN:
SF:/Users/maxime_beauchemin/code/caravel/superset/assets/javascripts/components/Button.jsx
FN:15,Button
FNF:1
FNH:0
FNDA:0,Button
DA:1,0
DA:2,0
DA:3,0
DA:4,0
DA:6,0
DA:10,0
DA:16,0
DA:17,0
DA:18,0
DA:19,0
DA:20,0
DA:23,0
DA:27,0
DA:28,0
DA:37,0
DA:40,0
DA:41,0
LF:17
LH:0
BRDA:27,0,0,0
BRDA:27,0,1,0
BRF:2
BRH:0
end_of_record
TN:
SF:/Users/maxime_beauchemin/code/caravel/superset/assets/javascripts/components/CachedLabel.jsx
FN:14,CacheLabel
FNF:1
FNH:0
FNDA:0,CacheLabel
DA:1,0
DA:2,0
DA:3,0
DA:4,0
DA:5,0
DA:7,0
DA:14,0
DA:16,0
DA:23,0
DA:30,0
DA:35,0
DA:39,0
DA:40,0
DA:44,0
DA:48,0
DA:49,0
DA:67,0
LF:17
LH:0
BRDA:14,0,0,0
BRDA:14,0,1,0
BRDA:24,1,0,0
BRDA:24,1,1,0
BRDA:48,2,0,0
BRDA:48,2,1,0
BRF:6
BRH:0
end_of_record
TN:
SF:/Users/maxime_beauchemin/code/caravel/superset/assets/javascripts/components/CopyToClipboard.jsx
FN:17,(anonymous_7)
FN:17,onCopyEnd
FN:24,CopyToClipboard
FN:43,(anonymous_15)
FNF:4
FNH:0
FNDA:0,(anonymous_7)
FNDA:0,onCopyEnd
FNDA:0,CopyToClipboard
FNDA:0,(anonymous_15)
DA:1,0
DA:2,0
DA:3,0
DA:5,0
DA:15,0
DA:17,0
DA:24,0
DA:26,0
DA:31,0
DA:32,0
DA:33,0
DA:38,0
DA:41,0
DA:42,0
DA:43,0
DA:45,0
DA:50,0
DA:54,0
DA:56,0
DA:57,0
DA:58,0
DA:60,0
DA:61,0
DA:62,0
DA:63,0
DA:64,0
DA:67,0
DA:70,0
DA:72,0
DA:73,0
DA:77,0
DA:78,0
DA:80,0
DA:84,0
DA:108,0
DA:123,0
DA:131,0
DA:132,0
DA:133,0
DA:135,0
DA:137,0
DA:141,0
DA:142,0
LF:43
LH:0
BRDA:24,0,0,0
BRDA:24,0,1,0
BRDA:42,1,0,0
BRDA:42,1,1,0
BRDA:63,2,0,0
BRDA:63,2,1,0
BRDA:77,3,0,0
BRDA:77,3,1,0
BRDA:86,4,0,0
BRDA:86,4,1,0
BRDA:132,5,0,0
BRDA:132,5,1,0
BRF:12
BRH:0
end_of_record
TN:
SF:/Users/maxime_beauchemin/code/caravel/superset/assets/javascripts/components/FaveStar.jsx
FNF:0
FNH:0
DA:1,0
DA:2,0
DA:3,0
DA:4,0
DA:6,0
DA:14,0
DA:18,0
DA:19,0
DA:23,0
DA:28,0
DA:45,0
LF:11
LH:0
BRF:0
BRH:0
end_of_record
TN:
SF:/Users/maxime_beauchemin/code/caravel/superset/assets/javascripts/components/InfoTooltipWithTrigger.jsx
FN:11,InfoTooltipWithTrigger
FNF:1
FNH:0
FNDA:0,InfoTooltipWithTrigger
DA:1,0
DA:2,0
DA:3,0
DA:4,0
DA:6,0
DA:11,0
DA:12,0
DA:22,0
LF:8
LH:0
BRF:0
BRH:0
end_of_record
TN:
SF:/Users/maxime_beauchemin/code/caravel/superset/assets/javascripts/components/Loading.jsx
FN:11,Loading
FNF:1
FNH:0
FNDA:0,Loading
DA:1,0
DA:2,0
DA:4,0
DA:7,0
DA:12,0
DA:26,0
DA:27,0
LF:7
LH:0
BRF:0
BRH:0
end_of_record
TN:
SF:/Users/maxime_beauchemin/code/caravel/superset/assets/javascripts/components/ModalTrigger.jsx
FN:23,(anonymous_7)
FN:23,beforeOpen
FN:24,(anonymous_9)
FN:24,onExit
FN:31,ModalTrigger
FNF:5
FNH:0
FNDA:0,(anonymous_7)
FNDA:0,beforeOpen
FNDA:0,(anonymous_9)
FNDA:0,onExit
FNDA:0,ModalTrigger
DA:1,0
DA:2,0
DA:3,0
DA:4,0
DA:5,0
DA:7,0
DA:21,0
DA:23,0
DA:24,0
DA:31,0
DA:33,0
DA:36,0
DA:37,0
DA:41,0
DA:45,0
DA:46,0
DA:47,0
DA:50,0
DA:75,0
DA:78,0
DA:79,0
DA:90,0
DA:99,0
DA:100,0
LF:24
LH:0
BRDA:31,0,0,0
BRDA:31,0,1,0
BRDA:65,1,0,0
BRDA:65,1,1,0
BRDA:78,2,0,0
BRDA:78,2,1,0
BRF:6
BRH:0
end_of_record
TN:
SF:/Users/maxime_beauchemin/code/caravel/superset/assets/javascripts/components/Timer.jsx
FN:6,Timer
FNF:1
FNH:0
FNDA:0,Timer
DA:1,0
DA:2,0
DA:3,0
DA:6,0
DA:8,0
DA:13,0
DA:16,0
DA:19,0
DA:20,0
DA:24,0
DA:25,0
DA:28,0
DA:29,0
DA:30,0
DA:31,0
DA:32,0
DA:34,0
DA:35,0
DA:40,0
DA:41,0
DA:43,0
DA:44,0
DA:45,0
DA:54,0
DA:57,0
DA:65,0
LF:26
LH:0
BRDA:6,0,0,0
BRDA:6,0,1,0
BRDA:19,1,0,0
BRDA:19,1,1,0
BRDA:28,2,0,0
BRDA:28,2,1,0
BRDA:28,3,0,0
BRDA:28,3,1,0
BRDA:29,4,0,0
BRDA:29,4,1,0
BRDA:30,5,0,0
BRDA:30,5,1,0
BRDA:34,6,0,0
BRDA:34,6,1,0
BRDA:40,7,0,0
BRDA:40,7,1,0
BRDA:40,8,0,0
BRDA:40,8,1,0
BRDA:44,9,0,0
BRDA:44,9,1,0
BRF:20
BRH:0
end_of_record
TN:
SF:/Users/maxime_beauchemin/code/caravel/superset/assets/javascripts/components/TooltipWrapper.jsx
FN:17,TooltipWrapper
FNF:1
FNH:0
FNDA:0,TooltipWrapper
DA:1,0
DA:2,0
DA:3,0
DA:4,0
DA:6,0
DA:13,0
DA:17,0
DA:18,0
DA:28,0
DA:29,0
LF:10
LH:0
BRF:0
BRH:0
end_of_record
TN:
SF:/Users/maxime_beauchemin/code/caravel/superset/assets/javascripts/components/VictoryTheme.js
FNF:0
FNH:0
DA:3,0
DA:4,0
DA:7,0
DA:19,0
DA:22,0
DA:23,0
DA:24,0
DA:27,0
DA:35,0
DA:45,0
DA:46,0
DA:49,0
LF:12
LH:0
BRF:0
BRH:0
end_of_record
TN:
SF:/Users/maxime_beauchemin/code/caravel/superset/assets/javascripts/components/FilterableTable/FilterableTable.jsx
FN:32,FilterableTable
FN:41,(anonymous_10)
FN:42,(anonymous_11)
FN:62,(anonymous_18)
FN:64,(anonymous_19)
FN:81,(anonymous_24)
FN:103,(anonymous_27)
FN:143,(anonymous_36)
FN:148,(anonymous_37)
FN:149,(anonymous_38)
FN:152,(anonymous_39)
FN:152,rowGetter
FN:158,(anonymous_41)
FN:158,ref
FN:175,(anonymous_43)
FNF:15
FNH:0
FNDA:0,FilterableTable
FNDA:0,(anonymous_10)
FNDA:0,(anonymous_11)
FNDA:0,(anonymous_18)
FNDA:0,(anonymous_19)
FNDA:0,(anonymous_24)
FNDA:0,(anonymous_27)
FNDA:0,(anonymous_36)
FNDA:0,(anonymous_37)
FNDA:0,(anonymous_38)
FNDA:0,(anonymous_39)
FNDA:0,rowGetter
FNDA:0,(anonymous_41)
FNDA:0,ref
FNDA:0,(anonymous_43)
DA:1,0
DA:2,0
DA:3,0
DA:4,0
DA:10,0
DA:12,0
DA:23,0
DA:32,0
DA:34,0
DA:35,0
DA:36,0
DA:37,0
DA:39,0
DA:40,0
DA:41,0
DA:42,0
DA:44,0
DA:52,0
DA:56,0
DA:59,0
DA:60,0
DA:61,0
DA:62,0
DA:63,0
DA:64,0
DA:67,0
DA:69,0
DA:73,0
DA:74,0
DA:75,0
DA:77,0
DA:81,0
DA:82,0
DA:83,0
DA:84,0
DA:85,0
DA:86,0
DA:88,0
DA:91,0
DA:93,0
DA:97,0
DA:98,0
DA:99,0
DA:100,0
DA:103,0
DA:106,0
DA:107,0
DA:117,0
DA:118,0
DA:119,0
DA:120,0
DA:122,0
DA:125,0
DA:126,0
DA:129,0
DA:130,0
DA:138,0
DA:140,0
DA:142,0
DA:143,0
DA:146,0
DA:147,0
DA:148,0
DA:149,0
DA:152,0
DA:154,0
DA:158,0
DA:175,0
DA:192,0
DA:193,0
LF:70
LH:0
BRDA:32,0,0,0
BRDA:32,0,1,0
BRDA:74,1,0,0
BRDA:74,1,1,0
BRDA:85,2,0,0
BRDA:85,2,1,0
BRDA:99,3,0,0
BRDA:99,3,1,0
BRDA:110,4,0,0
BRDA:110,4,1,0
BRDA:119,5,0,0
BRDA:119,5,1,0
BRDA:120,6,0,0
BRDA:120,6,1,0
BRDA:142,7,0,0
BRDA:142,7,1,0
BRDA:146,8,0,0
BRDA:146,8,1,0
BRDA:149,9,0,0
BRDA:149,9,1,0
BRDA:160,10,0,0
BRDA:160,10,1,0
BRF:22
BRH:0
end_of_record
TN:
SF:/Users/maxime_beauchemin/code/caravel/superset/assets/javascripts/dashboard/Dashboard.jsx
FN:19,getInitialState
FN:25,(anonymous_2)
FN:34,unload
FN:40,onBeforeUnload
FN:48,renderAlert
FN:61,initDashboardView
FN:74,(anonymous_7)
FN:77,(anonymous_8)
FN:83,(anonymous_9)
FN:88,(anonymous_10)
FN:99,dashboardContainer
FN:100,(anonymous_12)
FN:100,init
FN:106,(anonymous_14)
FN:110,(anonymous_15)
FN:112,(anonymous_16)
FN:100,onChange
FN:100,onSave
FN:100,loadPreSelectFilters
FN:100,setFilter
FN:100,done
FN:100,effectiveExtraFilters
FN:100,addFilter
FN:100,readFilters
FN:100,updateFilterParamsInUrl
FN:100,bindResizeToWindowResize
FN:221,(anonymous_37)
FN:223,(anonymous_38)
FN:224,(anonymous_39)
FN:100,stopPeriodicRender
FN:100,startPeriodicRender
FN:240,(anonymous_44)
FN:240,refreshAll
FN:241,(anonymous_46)
FN:243,(anonymous_47)
FN:252,(anonymous_48)
FN:252,fetchAndRender
FN:255,(anonymous_50)
FN:100,refreshExcept
FN:264,(anonymous_53)
FN:265,(anonymous_54)
FN:269,(anonymous_55)
FN:100,clearFilters
FN:100,removeFilter
FN:282,(anonymous_60)
FN:284,(anonymous_61)
FN:100,getSlice
FN:100,getAjaxErrorMsg
FN:100,addSlicesToDashboard
FN:316,(anonymous_68)
FN:316,success
FN:316,error
FN:338,(anonymous_72)
FNF:53
FNH:0
FNDA:0,getInitialState
FNDA:0,(anonymous_2)
FNDA:0,unload
FNDA:0,onBeforeUnload
FNDA:0,renderAlert
FNDA:0,initDashboardView
FNDA:0,(anonymous_7)
FNDA:0,(anonymous_8)
FNDA:0,(anonymous_9)
FNDA:0,(anonymous_10)
FNDA:0,dashboardContainer
FNDA:0,(anonymous_12)
FNDA:0,init
FNDA:0,(anonymous_14)
FNDA:0,(anonymous_15)
FNDA:0,(anonymous_16)
FNDA:0,onChange
FNDA:0,onSave
FNDA:0,loadPreSelectFilters
FNDA:0,setFilter
FNDA:0,done
FNDA:0,effectiveExtraFilters
FNDA:0,addFilter
FNDA:0,readFilters
FNDA:0,updateFilterParamsInUrl
FNDA:0,bindResizeToWindowResize
FNDA:0,(anonymous_37)
FNDA:0,(anonymous_38)
FNDA:0,(anonymous_39)
FNDA:0,stopPeriodicRender
FNDA:0,startPeriodicRender
FNDA:0,(anonymous_44)
FNDA:0,refreshAll
FNDA:0,(anonymous_46)
FNDA:0,(anonymous_47)
FNDA:0,(anonymous_48)
FNDA:0,fetchAndRender
FNDA:0,(anonymous_50)
FNDA:0,refreshExcept
FNDA:0,(anonymous_53)
FNDA:0,(anonymous_54)
FNDA:0,(anonymous_55)
FNDA:0,clearFilters
FNDA:0,removeFilter
FNDA:0,(anonymous_60)
FNDA:0,(anonymous_61)
FNDA:0,getSlice
FNDA:0,getAjaxErrorMsg
FNDA:0,addSlicesToDashboard
FNDA:0,(anonymous_68)
FNDA:0,success
FNDA:0,error
FNDA:0,(anonymous_72)
DA:1,0
DA:2,0
DA:3,0
DA:4,0
DA:5,0
DA:7,0
DA:8,0
DA:9,0
DA:11,0
DA:13,0
DA:14,0
DA:15,0
DA:17,0
DA:20,0
DA:21,0
DA:23,0
DA:24,0
DA:25,0
DA:26,0
DA:29,0
DA:30,0
DA:31,0
DA:35,0
DA:36,0
DA:37,0
DA:41,0
DA:42,0
DA:44,0
DA:49,0
DA:62,0
DA:67,0
DA:73,0
DA:75,0
DA:78,0
DA:81,0
DA:83,0
DA:84,0
DA:85,0
DA:87,0
DA:88,0
DA:89,0
DA:91,0
DA:92,0
DA:95,0
DA:96,0
DA:100,0
DA:104,0
DA:105,0
DA:106,0
DA:107,0
DA:108,0
DA:109,0
DA:110,0
DA:111,0
DA:112,0
DA:113,0
DA:115,0
DA:118,0
DA:119,0
DA:120,0
DA:123,0
DA:124,0
DA:127,0
DA:128,0
DA:131,0
DA:132,0
DA:133,0
DA:134,0
DA:135,0
DA:143,0
DA:146,0
DA:147,0
DA:148,0
DA:149,0
DA:150,0
DA:158,0
DA:165,0
DA:166,0
DA:167,0
DA:169,0
DA:173,0
DA:174,0
DA:178,0
DA:180,0
DA:181,0
DA:182,0
DA:183,0
DA:191,0
DA:193,0
DA:194,0
DA:195,0
DA:197,0
DA:198,0
DA:200,0
DA:202,0
DA:203,0
DA:205,0
DA:209,0
DA:212,0
DA:213,0
DA:214,0
DA:215,0
DA:216,0
DA:219,0
DA:220,0
DA:221,0
DA:222,0
DA:223,0
DA:224,0
DA:225,0
DA:231,0
DA:232,0
DA:233,0
DA:237,0
DA:238,0
DA:239,0
DA:240,0
DA:241,0
DA:242,0
DA:243,0
DA:244,0
DA:249,0
DA:252,0
DA:253,0
DA:254,0
DA:255,0
DA:256,0
DA:260,0
DA:263,0
DA:264,0
DA:265,0
DA:266,0
DA:267,0
DA:268,0
DA:269,0
DA:270,0
DA:276,0
DA:277,0
DA:278,0
DA:280,0
DA:281,0
DA:282,0
DA:283,0
DA:284,0
DA:285,0
DA:286,0
DA:289,0
DA:292,0
DA:293,0
DA:296,0
DA:297,0
DA:298,0
DA:299,0
DA:301,0
DA:302,0
DA:303,0
DA:305,0
DA:307,0
DA:310,0
DA:311,0
DA:315,0
DA:316,0
DA:324,0
DA:327,0
DA:328,0
DA:338,0
DA:340,0
DA:341,0
DA:343,0
DA:344,0
DA:345,0
DA:346,0
LF:172
LH:0
BRDA:24,0,0,0
BRDA:24,0,1,0
BRDA:41,1,0,0
BRDA:41,1,1,0
BRDA:87,2,0,0
BRDA:87,2,1,0
BRDA:91,3,0,0
BRDA:91,3,1,0
BRDA:107,4,0,0
BRDA:107,4,1,0
BRDA:132,5,0,0
BRDA:132,5,1,0
BRDA:149,6,0,0
BRDA:149,6,1,0
BRDA:149,7,0,0
BRDA:149,7,1,0
BRDA:166,8,0,0
BRDA:166,8,1,0
BRDA:167,9,0,0
BRDA:167,9,1,0
BRDA:167,10,0,0
BRDA:167,10,1,0
BRDA:174,11,0,0
BRDA:174,11,1,0
BRDA:175,12,0,0
BRDA:175,12,1,0
BRDA:175,12,2,0
BRDA:182,13,0,0
BRDA:182,13,1,0
BRDA:193,14,0,0
BRDA:193,14,1,0
BRDA:193,15,0,0
BRDA:193,15,1,0
BRDA:193,16,0,0
BRDA:193,16,1,0
BRDA:193,17,0,0
BRDA:193,17,1,0
BRDA:194,18,0,0
BRDA:194,18,1,0
BRDA:197,19,0,0
BRDA:197,19,1,0
BRDA:197,20,0,0
BRDA:197,20,1,0
BRDA:202,21,0,0
BRDA:202,21,1,0
BRDA:213,22,0,0
BRDA:213,22,1,0
BRDA:231,23,0,0
BRDA:231,23,1,0
BRDA:254,24,0,0
BRDA:254,24,1,0
BRDA:263,25,0,0
BRDA:263,25,1,0
BRDA:265,26,0,0
BRDA:265,26,1,0
BRDA:265,27,0,0
BRDA:265,27,1,0
BRDA:281,28,0,0
BRDA:281,28,1,0
BRDA:282,29,0,0
BRDA:282,29,1,0
BRDA:285,30,0,0
BRDA:285,30,1,0
BRDA:301,31,0,0
BRDA:301,31,1,0
BRDA:311,32,0,0
BRDA:311,32,1,0
BRDA:311,33,0,0
BRDA:311,33,1,0
BRF:69
BRH:0
end_of_record
TN:
SF:/Users/maxime_beauchemin/code/caravel/superset/assets/javascripts/dashboard/components/CodeModal.jsx
FN:13,(anonymous_7)
FN:13,codeCallback
FN:17,CodeModal
FNF:3
FNH:0
FNDA:0,(anonymous_7)
FNDA:0,codeCallback
FNDA:0,CodeModal
DA:1,0
DA:2,0
DA:4,0
DA:6,0
DA:12,0
DA:13,0
DA:17,0
DA:19,0
DA:22,0
DA:23,0
DA:24,0
DA:26,0
DA:29,0
DA:46,0
DA:47,0
LF:15
LH:0
BRDA:17,0,0,0
BRDA:17,0,1,0
BRDA:23,1,0,0
BRDA:23,1,1,0
BRF:4
BRH:0
end_of_record
TN:
SF:/Users/maxime_beauchemin/code/caravel/superset/assets/javascripts/dashboard/components/Controls.jsx
FN:19,Controls
FN:27,(anonymous_11)
FN:28,(anonymous_12)
FN:37,(anonymous_15)
FN:65,(anonymous_20)
FN:65,onChange
FN:84,(anonymous_22)
FN:84,onClick
FN:90,(anonymous_24)
FN:90,onClick
FNF:10
FNH:0
FNDA:0,Controls
FNDA:0,(anonymous_11)
FNDA:0,(anonymous_12)
FNDA:0,(anonymous_15)
FNDA:0,(anonymous_20)
FNDA:0,onChange
FNDA:0,(anonymous_22)
FNDA:0,onClick
FNDA:0,(anonymous_24)
FNDA:0,onClick
DA:1,0
DA:2,0
DA:3,0
DA:5,0
DA:6,0
DA:7,0
DA:8,0
DA:9,0
DA:10,0
DA:12,0
DA:14,0
DA:19,0
DA:21,0
DA:26,0
DA:27,0
DA:28,0
DA:33,0
DA:37,0
DA:38,0
DA:42,0
DA:43,0
DA:46,0
DA:47,0
DA:48,0
DA:50,0
DA:65,0
DA:84,0
DA:90,0
DA:91,0
DA:110,0
LF:30
LH:0
BRDA:19,0,0,0
BRDA:19,0,1,0
BRDA:22,1,0,0
BRDA:22,1,1,0
BRF:4
BRH:0
end_of_record
TN:
SF:/Users/maxime_beauchemin/code/caravel/superset/assets/javascripts/dashboard/components/CssEditor.jsx
FN:20,(anonymous_7)
FN:20,onChange
FN:25,CssEditor
FNF:3
FNH:0
FNDA:0,(anonymous_7)
FNDA:0,onChange
FNDA:0,CssEditor
DA:1,0
DA:2,0
DA:3,0
DA:5,0
DA:6,0
DA:7,0
DA:9,0
DA:11,0
DA:18,0
DA:20,0
DA:25,0
DA:27,0
DA:33,0
DA:36,0
DA:37,0
DA:40,0
DA:41,0
DA:42,0
DA:43,0
DA:45,0
DA:46,0
DA:47,0
DA:48,0
DA:49,0
DA:51,0
DA:52,0
DA:54,0
DA:58,0
DA:61,0
DA:62,0
DA:73,0
DA:76,0
DA:107,0
DA:108,0
LF:34
LH:0
BRDA:25,0,0,0
BRDA:25,0,1,0
BRDA:42,1,0,0
BRDA:42,1,1,0
BRDA:45,2,0,0
BRDA:45,2,1,0
BRDA:51,3,0,0
BRDA:51,3,1,0
BRDA:61,4,0,0
BRDA:61,4,1,0
BRDA:97,5,0,0
BRDA:97,5,1,0
BRF:12
BRH:0
end_of_record
TN:
SF:/Users/maxime_beauchemin/code/caravel/superset/assets/javascripts/dashboard/components/GridLayout.jsx
FN:21,(anonymous_11)
FN:52,(anonymous_14)
FN:65,(anonymous_19)
FN:68,(anonymous_20)
FN:76,(anonymous_23)
FN:99,(anonymous_26)
FNF:6
FNH:0
FNDA:0,(anonymous_11)
FNDA:0,(anonymous_14)
FNDA:0,(anonymous_19)
FNDA:0,(anonymous_20)
FNDA:0,(anonymous_23)
FNDA:0,(anonymous_26)
DA:1,0
DA:2,0
DA:3,0
DA:4,0
DA:6,0
DA:8,0
DA:9,0
DA:11,0
DA:13,0
DA:18,0
DA:19,0
DA:21,0
DA:22,0
DA:23,0
DA:24,0
DA:25,0
DA:33,0
DA:43,0
DA:50,0
DA:51,0
DA:52,0
DA:54,0
DA:58,0
DA:59,0
DA:63,0
DA:64,0
DA:66,0
DA:69,0
DA:72,0
DA:76,0
DA:85,0
DA:86,0
DA:99,0
DA:118,0
LF:34
LH:0
BRDA:24,0,0,0
BRDA:24,0,1,0
BRDA:51,1,0,0
BRDA:51,1,1,0
BRDA:51,2,0,0
BRDA:51,2,1,0
BRF:6
BRH:0
end_of_record
TN:
SF:/Users/maxime_beauchemin/code/caravel/superset/assets/javascripts/dashboard/components/Header.jsx
FN:13,Header
FNF:1
FNH:0
FNDA:0,Header
DA:1,0
DA:2,0
DA:4,0
DA:6,0
DA:9,0
DA:13,0
DA:15,0
DA:19,0
DA:20,0
DA:38,0
DA:39,0
LF:11
LH:0
BRDA:13,0,0,0
BRDA:13,0,1,0
BRDA:29,1,0,0
BRDA:29,1,1,0
BRF:4
BRH:0
end_of_record
TN:
SF:/Users/maxime_beauchemin/code/caravel/superset/assets/javascripts/dashboard/components/RefreshIntervalModal.jsx
FN:14,(anonymous_7)
FN:14,onChange
FN:23,(anonymous_9)
FN:26,RefreshIntervalModal
FN:44,(anonymous_14)
FN:44,onChange
FNF:6
FNH:0
FNDA:0,(anonymous_7)
FNDA:0,onChange
FNDA:0,(anonymous_9)
FNDA:0,RefreshIntervalModal
FNDA:0,(anonymous_14)
FNDA:0,onChange
DA:1,0
DA:2,0
DA:3,0
DA:4,0
DA:6,0
DA:12,0
DA:14,0
DA:17,0
DA:23,0
DA:26,0
DA:28,0
DA:32,0
DA:33,0
DA:44,0
DA:45,0
DA:46,0
DA:55,0
DA:56,0
LF:18
LH:0
BRDA:26,0,0,0
BRDA:26,0,1,0
BRF:2
BRH:0
end_of_record
TN:
SF:/Users/maxime_beauchemin/code/caravel/superset/assets/javascripts/dashboard/components/SaveModal.jsx
FN:16,SaveModal
FN:44,(anonymous_15)
FN:44,success
FN:44,error
FN:75,(anonymous_21)
FN:109,(anonymous_24)
FN:109,ref
FN:140,(anonymous_26)
FN:140,onClick
FNF:9
FNH:0
FNDA:0,SaveModal
FNDA:0,(anonymous_15)
FNDA:0,success
FNDA:0,error
FNDA:0,(anonymous_21)
FNDA:0,(anonymous_24)
FNDA:0,ref
FNDA:0,(anonymous_26)
FNDA:0,onClick
DA:1,0
DA:2,0
DA:3,0
DA:4,0
DA:5,0
DA:7,0
DA:9,0
DA:16,0
DA:18,0
DA:24,0
DA:25,0
DA:26,0
DA:27,0
DA:30,0
DA:35,0
DA:41,0
DA:42,0
DA:43,0
DA:44,0
DA:51,0
DA:52,0
DA:53,0
DA:54,0
DA:56,0
DA:63,0
DA:64,0
DA:65,0
DA:73,0
DA:74,0
DA:75,0
DA:76,0
DA:77,0
DA:78,0
DA:79,0
DA:82,0
DA:83,0
DA:88,0
DA:89,0
DA:90,0
DA:91,0
DA:92,0
DA:93,0
DA:94,0
DA:95,0
DA:100,0
DA:101,0
DA:102,0
DA:106,0
DA:107,0
DA:109,0
DA:140,0
DA:150,0
LF:52
LH:0
BRDA:16,0,0,0
BRDA:16,0,1,0
BRDA:53,1,0,0
BRDA:53,1,1,0
BRDA:78,2,0,0
BRDA:78,2,1,0
BRDA:89,3,0,0
BRDA:89,3,1,0
BRDA:92,4,0,0
BRDA:92,4,1,0
BRDA:93,5,0,0
BRDA:93,5,1,0
BRF:12
BRH:0
end_of_record
TN:
SF:/Users/maxime_beauchemin/code/caravel/superset/assets/javascripts/dashboard/components/SliceAdder.jsx
FN:16,SliceAdder
FN:45,(anonymous_11)
FN:45,success
FN:47,(anonymous_13)
FN:60,(anonymous_14)
FN:60,error
FN:105,(anonymous_26)
FN:149,(anonymous_27)
FN:149,dataFormat
FNF:9
FNH:0
FNDA:0,SliceAdder
FNDA:0,(anonymous_11)
FNDA:0,success
FNDA:0,(anonymous_13)
FNDA:0,(anonymous_14)
FNDA:0,error
FNDA:0,(anonymous_26)
FNDA:0,(anonymous_27)
FNDA:0,dataFormat
DA:1,0
DA:2,0
DA:3,0
DA:4,0
DA:6,0
DA:8,0
DA:10,0
DA:16,0
DA:18,0
DA:24,0
DA:30,0
DA:31,0
DA:33,0
DA:40,0
DA:41,0
DA:42,0
DA:45,0
DA:47,0
DA:54,0
DA:60,0
DA:61,0
DA:62,0
DA:70,0
DA:74,0
DA:78,0
DA:79,0
DA:80,0
DA:84,0
DA:85,0
DA:86,0
DA:87,0
DA:88,0
DA:90,0
DA:93,0
DA:94,0
DA:95,0
DA:96,0
DA:98,0
DA:102,0
DA:103,0
DA:104,0
DA:105,0
DA:106,0
DA:110,0
DA:149,0
DA:167,0
DA:180,0
LF:47
LH:0
BRDA:16,0,0,0
BRDA:16,0,1,0
BRDA:84,1,0,0
BRDA:84,1,1,0
BRDA:85,2,0,0
BRDA:85,2,1,0
BRDA:87,3,0,0
BRDA:87,3,1,0
BRDA:93,4,0,0
BRDA:93,4,1,0
BRDA:95,5,0,0
BRDA:95,5,1,0
BRDA:102,6,0,0
BRDA:102,6,1,0
BRDA:103,7,0,0
BRDA:103,7,1,0
BRDA:104,8,0,0
BRDA:104,8,1,0
BRDA:113,9,0,0
BRDA:113,9,1,0
BRDA:114,10,0,0
BRDA:114,10,1,0
BRDA:116,11,0,0
BRDA:116,11,1,0
BRDA:119,12,0,0
BRDA:119,12,1,0
BRF:26
BRH:0
end_of_record
TN:
SF:/Users/maxime_beauchemin/code/caravel/superset/assets/javascripts/dashboard/components/SliceCell.jsx
FN:11,SliceCell
FN:53,(anonymous_2)
FN:53,onClick
FNF:3
FNH:0
FNDA:0,SliceCell
FNDA:0,(anonymous_2)
FNDA:0,onClick
DA:2,0
DA:3,0
DA:5,0
DA:11,0
DA:12,0
DA:53,0
DA:86,0
LF:7
LH:0
BRDA:27,0,0,0
BRDA:27,0,1,0
BRDA:64,1,0,0
BRDA:64,1,1,0
BRDA:63,2,0,0
BRDA:63,2,1,0
BRF:6
BRH:0
end_of_record
TN:
SF:/Users/maxime_beauchemin/code/caravel/superset/assets/javascripts/explorev2/exploreUtils.js
FN:4,getExploreUrl
FNF:1
FNH:0
FNDA:0,getExploreUrl
DA:2,0
DA:4,0
DA:5,0
DA:6,0
DA:13,0
DA:14,0
DA:15,0
DA:19,0
DA:20,0
DA:21,0
DA:23,0
DA:24,0
DA:27,0
DA:28,0
DA:29,0
DA:30,0
DA:32,0
DA:33,0
DA:35,0
DA:36,0
DA:38,0
DA:39,0
DA:41,0
DA:42,0
LF:24
LH:0
BRDA:4,0,0,0
BRDA:4,0,1,0
BRDA:4,1,0,0
BRDA:4,1,1,0
BRDA:4,2,0,0
BRDA:4,2,1,0
BRDA:4,3,0,0
BRDA:4,3,1,0
BRDA:4,4,0,0
BRDA:4,4,1,0
BRDA:4,5,0,0
BRDA:4,5,1,0
BRDA:5,6,0,0
BRDA:5,6,1,0
BRDA:14,7,0,0
BRDA:14,7,1,0
BRDA:20,8,0,0
BRDA:20,8,1,0
BRDA:29,9,0,0
BRDA:29,9,1,0
BRDA:32,10,0,0
BRDA:32,10,1,0
BRDA:35,11,0,0
BRDA:35,11,1,0
BRDA:38,12,0,0
BRDA:38,12,1,0
BRF:26
BRH:0
end_of_record
TN:
SF:/Users/maxime_beauchemin/code/caravel/superset/assets/javascripts/explorev2/index.jsx
FNF:0
FNH:0
DA:2,0
DA:3,0
DA:4,0
DA:5,0
DA:6,0
DA:8,0
DA:9,0
DA:10,0
DA:11,0
DA:12,0
DA:13,0
DA:14,0
DA:15,0
DA:16,0
DA:18,0
DA:19,0
DA:21,0
DA:22,0
DA:23,0
DA:24,0
DA:28,0
DA:46,0
DA:50,0
LF:23
LH:0
BRF:0
BRH:0
end_of_record
TN:
SF:/Users/maxime_beauchemin/code/caravel/superset/assets/javascripts/explorev2/validators.js
FN:8,numeric
FN:15,integer
FN:22,nonEmpty
FNF:3
FNH:0
FNDA:0,numeric
FNDA:0,integer
FNDA:0,nonEmpty
DA:9,0
DA:10,0
DA:12,0
DA:16,0
DA:17,0
DA:19,0
DA:23,0
DA:29,0
DA:31,0
LF:9
LH:0
BRDA:9,0,0,0
BRDA:9,0,1,0
BRDA:9,1,0,0
BRDA:9,1,1,0
BRDA:16,2,0,0
BRDA:16,2,1,0
BRDA:16,3,0,0
BRDA:16,3,1,0
BRDA:16,3,2,0
BRDA:23,4,0,0
BRDA:23,4,1,0
BRDA:24,5,0,0
BRDA:24,5,1,0
BRDA:24,5,2,0
BRDA:24,5,3,0
BRDA:24,5,4,0
BRF:16
BRH:0
end_of_record
TN:
SF:/Users/maxime_beauchemin/code/caravel/superset/assets/javascripts/explorev2/actions/exploreActions.js
FN:10,setDatasourceType
FN:15,setDatasource
FN:20,setDatasources
FN:25,fetchDatasourceStarted
FN:30,fetchDatasourceSucceeded
FN:35,fetchDatasourceFailed
FN:40,fetchDatasourcesStarted
FN:45,fetchDatasourcesSucceeded
FN:50,fetchDatasourcesFailed
FN:55,resetControls
FN:60,triggerQuery
FN:64,fetchDatasourceMetadata
FN:65,(anonymous_12)
FN:71,(anonymous_13)
FN:71,success
FN:68,(anonymous_15)
FN:68,error
FN:86,fetchDatasources
FN:87,(anonymous_18)
FN:93,(anonymous_19)
FN:93,success
FN:90,(anonymous_21)
FN:90,error
FN:105,toggleFaveStar
FN:110,fetchFaveStar
FN:111,(anonymous_25)
FN:113,(anonymous_26)
FN:122,saveFaveStar
FN:123,(anonymous_28)
FN:132,setControlValue
FN:137,chartUpdateStarted
FN:142,chartUpdateSucceeded
FN:147,chartUpdateStopped
FN:155,chartUpdateTimeout
FN:160,chartUpdateFailed
FN:165,chartRenderingFailed
FN:170,updateExploreEndpoints
FN:175,removeControlPanelAlert
FN:180,removeChartAlert
FN:185,fetchDashboardsSucceeded
FN:190,fetchDashboardsFailed
FN:194,fetchDashboards
FN:195,(anonymous_42)
FN:197,(anonymous_43)
FN:212,saveSliceFailed
FN:217,removeSaveModalAlert
FN:221,saveSlice
FN:222,(anonymous_47)
FN:223,(anonymous_48)
FN:235,updateChartStatus
FN:240,runQuery
FN:241,(anonymous_51)
FN:243,(anonymous_52)
FN:243,success
FN:243,error
FN:263,renderTriggered
FNF:56
FNH:0
FNDA:0,setDatasourceType
FNDA:0,setDatasource
FNDA:0,setDatasources
FNDA:0,fetchDatasourceStarted
FNDA:0,fetchDatasourceSucceeded
FNDA:0,fetchDatasourceFailed
FNDA:0,fetchDatasourcesStarted
FNDA:0,fetchDatasourcesSucceeded
FNDA:0,fetchDatasourcesFailed
FNDA:0,resetControls
FNDA:0,triggerQuery
FNDA:0,fetchDatasourceMetadata
FNDA:0,(anonymous_12)
FNDA:0,(anonymous_13)
FNDA:0,success
FNDA:0,(anonymous_15)
FNDA:0,error
FNDA:0,fetchDatasources
FNDA:0,(anonymous_18)
FNDA:0,(anonymous_19)
FNDA:0,success
FNDA:0,(anonymous_21)
FNDA:0,error
FNDA:0,toggleFaveStar
FNDA:0,fetchFaveStar
FNDA:0,(anonymous_25)
FNDA:0,(anonymous_26)
FNDA:0,saveFaveStar
FNDA:0,(anonymous_28)
FNDA:0,setControlValue
FNDA:0,chartUpdateStarted
FNDA:0,chartUpdateSucceeded
FNDA:0,chartUpdateStopped
FNDA:0,chartUpdateTimeout
FNDA:0,chartUpdateFailed
FNDA:0,chartRenderingFailed
FNDA:0,updateExploreEndpoints
FNDA:0,removeControlPanelAlert
FNDA:0,removeChartAlert
FNDA:0,fetchDashboardsSucceeded
FNDA:0,fetchDashboardsFailed
FNDA:0,fetchDashboards
FNDA:0,(anonymous_42)
FNDA:0,(anonymous_43)
FNDA:0,saveSliceFailed
FNDA:0,removeSaveModalAlert
FNDA:0,saveSlice
FNDA:0,(anonymous_47)
FNDA:0,(anonymous_48)
FNDA:0,updateChartStatus
FNDA:0,runQuery
FNDA:0,(anonymous_51)
FNDA:0,(anonymous_52)
FNDA:0,success
FNDA:0,error
FNDA:0,renderTriggered
DA:2,0
DA:3,0
DA:5,0
DA:7,0
DA:9,0
DA:11,0
DA:14,0
DA:16,0
DA:19,0
DA:21,0
DA:24,0
DA:26,0
DA:29,0
DA:31,0
DA:34,0
DA:36,0
DA:39,0
DA:41,0
DA:44,0
DA:46,0
DA:49,0
DA:51,0
DA:54,0
DA:56,0
DA:59,0
DA:61,0
DA:64,0
DA:65,0
DA:66,0
DA:67,0
DA:68,0
DA:71,0
DA:72,0
DA:73,0
DA:74,0
DA:75,0
DA:76,0
DA:80,0
DA:87,0
DA:88,0
DA:89,0
DA:90,0
DA:93,0
DA:94,0
DA:95,0
DA:98,0
DA:104,0
DA:106,0
DA:109,0
DA:111,0
DA:112,0
DA:113,0
DA:114,0
DA:115,0
DA:121,0
DA:123,0
DA:124,0
DA:125,0
DA:126,0
DA:127,0
DA:131,0
DA:133,0
DA:136,0
DA:138,0
DA:141,0
DA:143,0
DA:146,0
DA:148,0
DA:149,0
DA:151,0
DA:154,0
DA:156,0
DA:159,0
DA:161,0
DA:164,0
DA:166,0
DA:169,0
DA:171,0
DA:174,0
DA:176,0
DA:179,0
DA:181,0
DA:184,0
DA:186,0
DA:189,0
DA:191,0
DA:195,0
DA:196,0
DA:197,0
DA:198,0
DA:199,0
DA:200,0
DA:201,0
DA:203,0
DA:205,0
DA:211,0
DA:213,0
DA:216,0
DA:218,0
DA:222,0
DA:223,0
DA:224,0
DA:226,0
DA:228,0
DA:234,0
DA:236,0
DA:239,0
DA:240,0
DA:241,0
DA:242,0
DA:243,0
DA:247,0
DA:250,0
DA:251,0
DA:252,0
DA:253,0
DA:258,0
DA:262,0
DA:264,0
LF:119
LH:0
BRDA:64,0,0,0
BRDA:64,0,1,0
BRDA:64,1,0,0
BRDA:64,1,1,0
BRDA:75,2,0,0
BRDA:75,2,1,0
BRDA:114,3,0,0
BRDA:114,3,1,0
BRDA:124,4,0,0
BRDA:124,4,1,0
BRDA:148,5,0,0
BRDA:148,5,1,0
BRDA:198,6,0,0
BRDA:198,6,1,0
BRDA:224,7,0,0
BRDA:224,7,1,0
BRDA:240,8,0,0
BRDA:240,8,1,0
BRDA:240,9,0,0
BRDA:240,9,1,0
BRDA:250,10,0,0
BRDA:250,10,1,0
BRDA:252,11,0,0
BRDA:252,11,1,0
BRF:24
BRH:0
end_of_record
TN:
SF:/Users/maxime_beauchemin/code/caravel/superset/assets/javascripts/explorev2/components/ChartContainer.jsx
FN:45,ChartContainer
FN:71,(anonymous_13)
FN:71,getHeight
FN:81,(anonymous_15)
FN:81,html
FN:85,(anonymous_17)
FN:85,css
FN:89,(anonymous_19)
FN:89,show
FN:90,(anonymous_21)
FN:90,get
FN:91,(anonymous_23)
FN:91,find
FN:94,(anonymous_25)
FN:94,width
FN:98,(anonymous_27)
FN:98,render_template
FN:106,(anonymous_29)
FN:106,setFilter
FN:108,(anonymous_31)
FN:108,getFilters
FN:113,(anonymous_33)
FN:113,addFilter
FN:115,(anonymous_35)
FN:115,removeFilter
FN:117,(anonymous_37)
FN:117,done
FN:118,(anonymous_39)
FN:118,clearError
FN:75,(anonymous_41)
FN:75,error
FN:124,(anonymous_43)
FN:124,d3format
FN:185,(anonymous_55)
FN:185,onClick
FN:216,(anonymous_59)
FN:216,ref
FN:302,mapStateToProps
FN:325,(anonymous_64)
FNF:39
FNH:0
FNDA:0,ChartContainer
FNDA:0,(anonymous_13)
FNDA:0,getHeight
FNDA:0,(anonymous_15)
FNDA:0,html
FNDA:0,(anonymous_17)
FNDA:0,css
FNDA:0,(anonymous_19)
FNDA:0,show
FNDA:0,(anonymous_21)
FNDA:0,get
FNDA:0,(anonymous_23)
FNDA:0,find
FNDA:0,(anonymous_25)
FNDA:0,width
FNDA:0,(anonymous_27)
FNDA:0,render_template
FNDA:0,(anonymous_29)
FNDA:0,setFilter
FNDA:0,(anonymous_31)
FNDA:0,getFilters
FNDA:0,(anonymous_33)
FNDA:0,addFilter
FNDA:0,(anonymous_35)
FNDA:0,removeFilter
FNDA:0,(anonymous_37)
FNDA:0,done
FNDA:0,(anonymous_39)
FNDA:0,clearError
FNDA:0,(anonymous_41)
FNDA:0,error
FNDA:0,(anonymous_43)
FNDA:0,d3format
FNDA:0,(anonymous_55)
FNDA:0,onClick
FNDA:0,(anonymous_59)
FNDA:0,ref
FNDA:0,mapStateToProps
FNDA:0,(anonymous_64)
DA:1,0
DA:2,0
DA:3,0
DA:4,0
DA:5,0
DA:6,0
DA:7,0
DA:8,0
DA:9,0
DA:10,0
DA:11,0
DA:12,0
DA:13,0
DA:14,0
DA:15,0
DA:17,0
DA:23,0
DA:45,0
DA:47,0
DA:54,0
DA:65,0
DA:69,0
DA:70,0
DA:71,0
DA:72,0
DA:73,0
DA:75,0
DA:81,0
DA:83,0
DA:85,0
DA:86,0
DA:89,0
DA:90,0
DA:91,0
DA:94,0
DA:98,0
DA:99,0
DA:103,0
DA:106,0
DA:108,0
DA:113,0
DA:115,0
DA:117,0
DA:118,0
DA:124,0
DA:126,0
DA:127,0
DA:141,0
DA:145,0
DA:149,0
DA:150,0
DA:151,0
DA:153,0
DA:155,0
DA:159,0
DA:160,0
DA:161,0
DA:162,0
DA:163,0
DA:165,0
DA:169,0
DA:171,0
DA:181,0
DA:185,0
DA:199,0
DA:200,0
DA:201,0
DA:203,0
DA:204,0
DA:216,0
DA:227,0
DA:229,0
DA:230,0
DA:232,0
DA:233,0
DA:300,0
DA:303,0
DA:304,0
DA:325,0
LF:79
LH:0
BRDA:45,0,0,0
BRDA:45,0,1,0
BRDA:54,1,0,0
BRDA:54,1,1,0
BRDA:55,2,0,0
BRDA:55,2,1,0
BRDA:55,2,2,0
BRDA:55,2,3,0
BRDA:55,2,4,0
BRDA:55,2,5,0
BRDA:55,2,6,0
BRDA:55,2,7,0
BRDA:72,3,0,0
BRDA:72,3,1,0
BRDA:150,4,0,0
BRDA:150,4,1,0
BRDA:189,5,0,0
BRDA:189,5,1,0
BRDA:189,5,2,0
BRDA:200,6,0,0
BRDA:200,6,1,0
BRDA:206,7,0,0
BRDA:206,7,1,0
BRDA:219,8,0,0
BRDA:219,8,1,0
BRDA:227,9,0,0
BRDA:227,9,1,0
BRDA:244,10,0,0
BRDA:244,10,1,0
BRDA:267,11,0,0
BRDA:267,11,1,0
BRDA:267,11,2,0
BRDA:267,11,3,0
BRDA:310,12,0,0
BRDA:310,12,1,0
BRDA:311,13,0,0
BRDA:311,13,1,0
BRDA:321,14,0,0
BRDA:321,14,1,0
BRF:39
BRH:0
end_of_record
TN:
SF:/Users/maxime_beauchemin/code/caravel/superset/assets/javascripts/explorev2/components/Control.jsx
FN:52,Control
FN:81,(anonymous_18)
FNF:2
FNH:0
FNDA:0,Control
FNDA:0,(anonymous_18)
DA:1,0
DA:2,0
DA:3,0
DA:5,0
DA:6,0
DA:7,0
DA:8,0
DA:9,0
DA:10,0
DA:11,0
DA:13,0
DA:22,0
DA:24,0
DA:44,0
DA:52,0
DA:54,0
DA:55,0
DA:58,0
DA:61,0
DA:64,0
DA:65,0
DA:66,0
DA:67,0
DA:69,0
DA:70,0
DA:73,0
DA:74,0
DA:78,0
DA:79,0
DA:80,0
DA:81,0
DA:82,0
DA:83,0
DA:84,0
DA:88,0
DA:91,0
DA:92,0
DA:93,0
DA:111,0
DA:112,0
LF:40
LH:0
BRDA:52,0,0,0
BRDA:52,0,1,0
BRDA:66,1,0,0
BRDA:66,1,1,0
BRDA:66,2,0,0
BRDA:66,2,1,0
BRDA:69,3,0,0
BRDA:69,3,1,0
BRDA:73,4,0,0
BRDA:73,4,1,0
BRDA:73,5,0,0
BRDA:73,5,1,0
BRDA:80,6,0,0
BRDA:80,6,1,0
BRDA:80,7,0,0
BRDA:80,7,1,0
BRDA:83,8,0,0
BRDA:83,8,1,0
BRDA:92,9,0,0
BRDA:92,9,1,0
BRF:20
BRH:0
end_of_record
TN:
SF:/Users/maxime_beauchemin/code/caravel/superset/assets/javascripts/explorev2/components/ControlHeader.jsx
FN:19,ControlHeader
FNF:1
FNH:0
FNDA:0,ControlHeader
DA:1,0
DA:2,0
DA:3,0
DA:4,0
DA:6,0
DA:14,0
DA:20,0
DA:21,0
DA:22,0
DA:79,0
DA:80,0
LF:11
LH:0
BRDA:27,0,0,0
BRDA:27,0,1,0
BRDA:31,1,0,0
BRDA:31,1,1,0
BRDA:46,2,0,0
BRDA:46,2,1,0
BRDA:52,3,0,0
BRDA:52,3,1,0
BRDA:69,4,0,0
BRDA:69,4,1,0
BRF:10
BRH:0
end_of_record
TN:
SF:/Users/maxime_beauchemin/code/caravel/superset/assets/javascripts/explorev2/components/ControlPanelSection.jsx
FNF:0
FNH:0
DA:1,0
DA:2,0
DA:3,0
DA:4,0
DA:6,0
DA:13,0
DA:20,0
DA:21,0
DA:22,0
DA:23,0
DA:24,0
DA:31,0
DA:35,0
DA:46,0
DA:47,0
LF:15
LH:0
BRDA:23,0,0,0
BRDA:23,0,1,0
BRDA:27,1,0,0
BRDA:27,1,1,0
BRF:4
BRH:0
end_of_record
TN:
SF:/Users/maxime_beauchemin/code/caravel/superset/assets/javascripts/explorev2/components/ControlPanelsContainer.jsx
FN:26,ControlPanelsContainer
FN:58,(anonymous_19)
FN:64,(anonymous_20)
FN:67,(anonymous_21)
FN:89,mapStateToProps
FN:98,mapDispatchToProps
FNF:6
FNH:0
FNDA:0,ControlPanelsContainer
FNDA:0,(anonymous_19)
FNDA:0,(anonymous_20)
FNDA:0,(anonymous_21)
FNDA:0,mapStateToProps
FNDA:0,mapDispatchToProps
DA:2,0
DA:3,0
DA:4,0
DA:5,0
DA:6,0
DA:7,0
DA:8,0
DA:9,0
DA:10,0
DA:11,0
DA:12,0
DA:14,0
DA:26,0
DA:28,0
DA:29,0
DA:32,0
DA:33,0
DA:34,0
DA:36,0
DA:39,0
DA:42,0
DA:44,0
DA:45,0
DA:58,0
DA:64,0
DA:67,0
DA:87,0
DA:90,0
DA:99,0
LF:29
LH:0
BRDA:26,0,0,0
BRDA:26,0,1,0
BRDA:33,1,0,0
BRDA:33,1,1,0
BRDA:48,2,0,0
BRDA:48,2,1,0
BRF:6
BRH:0
end_of_record
TN:
SF:/Users/maxime_beauchemin/code/caravel/superset/assets/javascripts/explorev2/components/ControlRow.jsx
FN:10,ControlSetRow
FN:14,(anonymous_2)
FNF:2
FNH:0
FNDA:0,ControlSetRow
FNDA:0,(anonymous_2)
DA:1,0
DA:2,0
DA:4,0
DA:6,0
DA:11,0
DA:12,0
DA:14,0
DA:23,0
LF:8
LH:0
BRF:0
BRH:0
end_of_record
TN:
SF:/Users/maxime_beauchemin/code/caravel/superset/assets/javascripts/explorev2/components/DisplayQueryButton.jsx
FN:21,DisplayQueryButton
FN:45,(anonymous_13)
FN:45,success
FN:53,(anonymous_15)
FN:53,error
FNF:5
FNH:0
FNDA:0,DisplayQueryButton
FNDA:0,(anonymous_13)
FNDA:0,success
FNDA:0,(anonymous_15)
FNDA:0,error
DA:1,0
DA:2,0
DA:3,0
DA:4,0
DA:6,0
DA:8,0
DA:10,0
DA:16,0
DA:21,0
DA:23,0
DA:29,0
DA:30,0
DA:33,0
DA:34,0
DA:40,0
DA:41,0
DA:42,0
DA:45,0
DA:46,0
DA:53,0
DA:54,0
DA:62,0
DA:63,0
DA:65,0
DA:69,0
DA:70,0
DA:75,0
DA:76,0
DA:77,0
DA:78,0
DA:83,0
DA:86,0
DA:100,0
DA:101,0
LF:34
LH:0
BRDA:21,0,0,0
BRDA:21,0,1,0
BRDA:55,1,0,0
BRDA:55,1,1,0
BRDA:62,2,0,0
BRDA:62,2,1,0
BRDA:62,3,0,0
BRDA:62,3,1,0
BRDA:69,4,0,0
BRDA:69,4,1,0
BRDA:75,5,0,0
BRDA:75,5,1,0
BRDA:77,6,0,0
BRDA:77,6,1,0
BRF:14
BRH:0
end_of_record
TN:
SF:/Users/maxime_beauchemin/code/caravel/superset/assets/javascripts/explorev2/components/EmbedCodeButton.jsx
FN:11,EmbedCodeButton
FNF:1
FNH:0
FNDA:0,EmbedCodeButton
DA:1,0
DA:2,0
DA:3,0
DA:4,0
DA:6,0
DA:11,0
DA:13,0
DA:17,0
DA:21,0
DA:22,0
DA:23,0
DA:24,0
DA:25,0
DA:30,0
DA:34,0
DA:48,0
DA:49,0
DA:107,0
DA:122,0
LF:19
LH:0
BRDA:11,0,0,0
BRDA:11,0,1,0
BRF:2
BRH:0
end_of_record
TN:
SF:/Users/maxime_beauchemin/code/caravel/superset/assets/javascripts/explorev2/components/ExploreActionButtons.jsx
FN:16,ExploreActionButtons
FNF:1
FNH:0
FNDA:0,ExploreActionButtons
DA:1,0
DA:2,0
DA:3,0
DA:4,0
DA:5,0
DA:6,0
DA:8,0
DA:17,0
DA:18,0
DA:21,0
DA:22,0
DA:56,0
DA:61,0
LF:13
LH:0
BRDA:21,0,0,0
BRDA:21,0,1,0
BRF:2
BRH:0
end_of_record
TN:
SF:/Users/maxime_beauchemin/code/caravel/superset/assets/javascripts/explorev2/components/ExploreViewContainer.jsx
FN:27,ExploreViewContainer
FN:95,(anonymous_28)
FN:106,(anonymous_33)
FN:186,mapStateToProps
FN:200,mapDispatchToProps
FNF:5
FNH:0
FNDA:0,ExploreViewContainer
FNDA:0,(anonymous_28)
FNDA:0,(anonymous_33)
FNDA:0,mapStateToProps
FNDA:0,mapDispatchToProps
DA:2,0
DA:3,0
DA:4,0
DA:5,0
DA:6,0
DA:7,0
DA:8,0
DA:9,0
DA:10,0
DA:11,0
DA:12,0
DA:14,0
DA:27,0
DA:29,0
DA:36,0
DA:37,0
DA:39,0
DA:40,0
DA:44,0
DA:45,0
DA:46,0
DA:48,0
DA:49,0
DA:54,0
DA:58,0
DA:63,0
DA:64,0
DA:66,0
DA:68,0
DA:75,0
DA:79,0
DA:80,0
DA:82,0
DA:83,0
DA:88,0
DA:89,0
DA:93,0
DA:94,0
DA:95,0
DA:96,0
DA:101,0
DA:104,0
DA:105,0
DA:106,0
DA:110,0
DA:111,0
DA:112,0
DA:113,0
DA:114,0
DA:122,0
DA:123,0
DA:124,0
DA:128,0
DA:131,0
DA:139,0
DA:140,0
DA:142,0
DA:184,0
DA:187,0
DA:188,0
DA:201,0
LF:61
LH:0
BRDA:27,0,0,0
BRDA:27,0,1,0
BRDA:36,1,0,0
BRDA:36,1,1,0
BRDA:44,2,0,0
BRDA:44,2,1,0
BRDA:48,3,0,0
BRDA:48,3,1,0
BRDA:79,4,0,0
BRDA:79,4,1,0
BRDA:82,5,0,0
BRDA:82,5,1,0
BRDA:88,6,0,0
BRDA:88,6,1,0
BRDA:88,7,0,0
BRDA:88,7,1,0
BRDA:106,8,0,0
BRDA:106,8,1,0
BRDA:113,9,0,0
BRDA:113,9,1,0
BRDA:113,10,0,0
BRDA:113,10,1,0
BRDA:123,11,0,0
BRDA:123,11,1,0
BRDA:139,12,0,0
BRDA:139,12,1,0
BRDA:151,13,0,0
BRDA:151,13,1,0
BRF:28
BRH:0
end_of_record
TN:
SF:/Users/maxime_beauchemin/code/caravel/superset/assets/javascripts/explorev2/components/QueryAndSaveBtns.jsx
FN:18,(anonymous_1)
FN:18,onStop
FN:19,(anonymous_3)
FN:19,onSave
FN:23,QueryAndSaveBtns
FNF:5
FNH:0
FNDA:0,(anonymous_1)
FNDA:0,onStop
FNDA:0,(anonymous_3)
FNDA:0,onSave
FNDA:0,QueryAndSaveBtns
DA:1,0
DA:2,0
DA:3,0
DA:4,0
DA:6,0
DA:8,0
DA:17,0
DA:18,0
DA:19,0
DA:24,0
DA:25,0
DA:28,0
DA:29,0
DA:30,0
DA:48,0
DA:80,0
DA:81,0
LF:17
LH:0
BRDA:28,0,0,0
BRDA:28,0,1,0
BRDA:29,1,0,0
BRDA:29,1,1,0
BRDA:31,2,0,0
BRDA:31,2,1,0
BRDA:62,3,0,0
BRDA:62,3,1,0
BRF:8
BRH:0
end_of_record
TN:
SF:/Users/maxime_beauchemin/code/caravel/superset/assets/javascripts/explorev2/components/SaveModal.jsx
FN:22,SaveModal
FN:233,mapStateToProps
FN:245,(anonymous_24)
FNF:3
FNH:0
FNDA:0,SaveModal
FNDA:0,mapStateToProps
FNDA:0,(anonymous_24)
DA:2,0
DA:3,0
DA:4,0
DA:5,0
DA:6,0
DA:7,0
DA:9,0
DA:22,0
DA:24,0
DA:35,0
DA:38,0
DA:40,0
DA:41,0
DA:43,0
DA:44,0
DA:45,0
DA:47,0
DA:48,0
DA:50,0
DA:54,0
DA:57,0
DA:60,0
DA:61,0
DA:62,0
DA:64,0
DA:65,0
DA:66,0
DA:67,0
DA:69,0
DA:70,0
DA:71,0
DA:72,0
DA:73,0
DA:75,0
DA:77,0
DA:80,0
DA:81,0
DA:82,0
DA:83,0
DA:85,0
DA:86,0
DA:87,0
DA:88,0
DA:90,0
DA:91,0
DA:93,0
DA:94,0
DA:95,0
DA:96,0
DA:98,0
DA:99,0
DA:101,0
DA:103,0
DA:105,0
DA:106,0
DA:108,0
DA:111,0
DA:112,0
DA:115,0
DA:116,0
DA:118,0
DA:121,0
DA:231,0
DA:234,0
DA:245,0
LF:65
LH:0
BRDA:22,0,0,0
BRDA:22,0,1,0
BRDA:30,1,0,0
BRDA:30,1,1,0
BRDA:39,2,0,0
BRDA:39,2,1,0
BRDA:39,2,2,0
BRDA:39,2,3,0
BRDA:66,3,0,0
BRDA:66,3,1,0
BRDA:66,4,0,0
BRDA:66,4,1,0
BRDA:69,5,0,0
BRDA:69,5,1,0
BRDA:71,6,0,0
BRDA:71,6,1,0
BRDA:84,7,0,0
BRDA:84,7,1,0
BRDA:84,7,2,0
BRDA:86,8,0,0
BRDA:86,8,1,0
BRDA:94,9,0,0
BRDA:94,9,1,0
BRDA:115,10,0,0
BRDA:115,10,1,0
BRDA:133,11,0,0
BRDA:133,11,1,0
BRDA:133,11,2,0
BRDA:135,12,0,0
BRDA:135,12,1,0
BRDA:143,13,0,0
BRDA:143,13,1,0
BRF:32
BRH:0
end_of_record
TN:
SF:/Users/maxime_beauchemin/code/caravel/superset/assets/javascripts/explorev2/components/URLShortLinkButton.jsx
FN:12,URLShortLinkButton
FNF:1
FNH:0
FNDA:0,URLShortLinkButton
DA:1,0
DA:2,0
DA:3,0
DA:4,0
DA:5,0
DA:7,0
DA:12,0
DA:14,0
DA:20,0
DA:26,0
DA:27,0
DA:31,0
DA:32,0
DA:47,0
DA:63,0
LF:15
LH:0
BRDA:12,0,0,0
BRDA:12,0,1,0
BRF:2
BRH:0
end_of_record
TN:
SF:/Users/maxime_beauchemin/code/caravel/superset/assets/javascripts/explorev2/components/controls/CheckboxControl.jsx
FN:15,(anonymous_7)
FN:15,onChange
FNF:2
FNH:0
FNDA:0,(anonymous_7)
FNDA:0,onChange
DA:1,0
DA:2,0
DA:3,0
DA:5,0
DA:13,0
DA:15,0
DA:20,0
DA:23,0
DA:32,0
DA:33,0
LF:10
LH:0
BRF:0
BRH:0
end_of_record
TN:
SF:/Users/maxime_beauchemin/code/caravel/superset/assets/javascripts/explorev2/components/controls/Filter.jsx
FN:22,(anonymous_7)
FN:35,(anonymous_8)
FN:35,changeFilter
FN:36,(anonymous_10)
FN:36,removeFilter
FN:42,Filter
FN:58,(anonymous_18)
FN:58,success
FN:123,(anonymous_36)
FN:129,(anonymous_37)
FN:133,(anonymous_38)
FN:135,(anonymous_39)
FNF:12
FNH:0
FNDA:0,(anonymous_7)
FNDA:0,(anonymous_8)
FNDA:0,changeFilter
FNDA:0,(anonymous_10)
FNDA:0,removeFilter
FNDA:0,Filter
FNDA:0,(anonymous_18)
FNDA:0,success
FNDA:0,(anonymous_36)
FNDA:0,(anonymous_37)
FNDA:0,(anonymous_38)
FNDA:0,(anonymous_39)
DA:1,0
DA:2,0
DA:3,0
DA:4,0
DA:5,0
DA:7,0
DA:9,0
DA:21,0
DA:22,0
DA:23,0
DA:26,0
DA:34,0
DA:35,0
DA:36,0
DA:42,0
DA:44,0
DA:49,0
DA:51,0
DA:52,0
DA:53,0
DA:54,0
DA:55,0
DA:58,0
DA:59,0
DA:65,0
DA:66,0
DA:67,0
DA:69,0
DA:70,0
DA:71,0
DA:72,0
DA:74,0
DA:78,0
DA:81,0
DA:84,0
DA:85,0
DA:88,0
DA:89,0
DA:92,0
DA:95,0
DA:96,0
DA:97,0
DA:109,0
DA:119,0
DA:120,0
DA:121,0
DA:122,0
DA:124,0
DA:125,0
DA:127,0
DA:129,0
DA:130,0
DA:131,0
DA:132,0
DA:133,0
DA:135,0
DA:138,0
DA:181,0
DA:182,0
LF:59
LH:0
BRDA:42,0,0,0
BRDA:42,0,1,0
BRDA:53,1,0,0
BRDA:53,1,1,0
BRDA:53,2,0,0
BRDA:53,2,1,0
BRDA:53,2,2,0
BRDA:53,2,3,0
BRDA:65,3,0,0
BRDA:65,3,1,0
BRDA:69,4,0,0
BRDA:69,4,1,0
BRDA:69,5,0,0
BRDA:69,5,1,0
BRDA:69,5,2,0
BRDA:71,6,0,0
BRDA:71,6,1,0
BRDA:71,7,0,0
BRDA:71,7,1,0
BRDA:96,8,0,0
BRDA:96,8,1,0
BRDA:96,9,0,0
BRDA:96,9,1,0
BRDA:124,10,0,0
BRDA:124,10,1,0
BRDA:127,11,0,0
BRDA:127,11,1,0
BRDA:131,12,0,0
BRDA:131,12,1,0
BRDA:132,13,0,0
BRDA:132,13,1,0
BRDA:144,14,0,0
BRDA:144,14,1,0
BRF:33
BRH:0
end_of_record
TN:
SF:/Users/maxime_beauchemin/code/caravel/superset/assets/javascripts/explorev2/components/controls/FilterControl.jsx
FN:14,(anonymous_7)
FN:14,onChange
FN:37,(anonymous_15)
FN:45,(anonymous_18)
FN:48,(anonymous_21)
FNF:5
FNH:0
FNDA:0,(anonymous_7)
FNDA:0,onChange
FNDA:0,(anonymous_15)
FNDA:0,(anonymous_18)
FNDA:0,(anonymous_21)
DA:1,0
DA:2,0
DA:3,0
DA:4,0
DA:6,0
DA:13,0
DA:14,0
DA:20,0
DA:21,0
DA:24,0
DA:29,0
DA:32,0
DA:33,0
DA:34,0
DA:35,0
DA:37,0
DA:38,0
DA:41,0
DA:42,0
DA:45,0
DA:47,0
DA:48,0
DA:59,0
DA:78,0
DA:79,0
LF:25
LH:0
BRDA:22,0,0,0
BRDA:22,0,1,0
BRDA:21,1,0,0
BRDA:21,1,1,0
BRDA:27,2,0,0
BRDA:27,2,1,0
BRDA:34,3,0,0
BRDA:34,3,1,0
BRF:8
BRH:0
end_of_record
TN:
SF:/Users/maxime_beauchemin/code/caravel/superset/assets/javascripts/explorev2/components/controls/HiddenControl.jsx
FN:14,(anonymous_1)
FN:14,onChange
FN:17,HiddenControl
FNF:3
FNH:0
FNDA:0,(anonymous_1)
FNDA:0,onChange
FNDA:0,HiddenControl
DA:1,0
DA:2,0
DA:3,0
DA:5,0
DA:13,0
DA:14,0
DA:19,0
DA:22,0
DA:23,0
LF:9
LH:0
BRF:0
BRH:0
end_of_record
TN:
SF:/Users/maxime_beauchemin/code/caravel/superset/assets/javascripts/explorev2/components/controls/SelectControl.jsx
FN:26,(anonymous_7)
FN:26,onChange
FN:30,SelectControl
FN:46,(anonymous_15)
FN:52,(anonymous_18)
FN:71,(anonymous_19)
FN:73,(anonymous_20)
FN:79,(anonymous_21)
FNF:8
FNH:0
FNDA:0,(anonymous_7)
FNDA:0,onChange
FNDA:0,SelectControl
FNDA:0,(anonymous_15)
FNDA:0,(anonymous_18)
FNDA:0,(anonymous_19)
FNDA:0,(anonymous_20)
FNDA:0,(anonymous_21)
DA:1,0
DA:2,0
DA:3,0
DA:5,0
DA:18,0
DA:26,0
DA:30,0
DA:32,0
DA:33,0
DA:34,0
DA:37,0
DA:38,0
DA:39,0
DA:43,0
DA:45,0
DA:46,0
DA:48,0
DA:52,0
DA:53,0
DA:54,0
DA:55,0
DA:56,0
DA:60,0
DA:61,0
DA:62,0
DA:64,0
DA:69,0
DA:71,0
DA:73,0
DA:74,0
DA:75,0
DA:76,0
DA:77,0
DA:79,0
DA:80,0
DA:81,0
DA:86,0
DA:89,0
DA:90,0
DA:97,0
DA:101,0
DA:114,0
DA:116,0
DA:124,0
DA:125,0
LF:45
LH:0
BRDA:30,0,0,0
BRDA:30,0,1,0
BRDA:37,1,0,0
BRDA:37,1,1,0
BRDA:43,2,0,0
BRDA:43,2,1,0
BRDA:45,3,0,0
BRDA:45,3,1,0
BRDA:46,4,0,0
BRDA:46,4,1,0
BRDA:54,5,0,0
BRDA:54,5,1,0
BRDA:55,6,0,0
BRDA:55,6,1,0
BRDA:60,7,0,0
BRDA:60,7,1,0
BRDA:61,8,0,0
BRDA:61,8,1,0
BRDA:71,9,0,0
BRDA:71,9,1,0
BRDA:74,10,0,0
BRDA:74,10,1,0
BRDA:76,11,0,0
BRDA:76,11,1,0
BRDA:80,12,0,0
BRDA:80,12,1,0
BRDA:89,13,0,0
BRDA:89,13,1,0
BRDA:115,14,0,0
BRDA:115,14,1,0
BRF:30
BRH:0
end_of_record
TN:
SF:/Users/maxime_beauchemin/code/caravel/superset/assets/javascripts/explorev2/components/controls/TextAreaControl.jsx
FN:16,(anonymous_7)
FN:16,onChange
FNF:2
FNH:0
FNDA:0,(anonymous_7)
FNDA:0,onChange
DA:1,0
DA:2,0
DA:3,0
DA:5,0
DA:13,0
DA:16,0
DA:22,0
DA:25,0
DA:38,0
DA:39,0
LF:10
LH:0
BRF:0
BRH:0
end_of_record
TN:
SF:/Users/maxime_beauchemin/code/caravel/superset/assets/javascripts/explorev2/components/controls/TextControl.jsx
FN:22,(anonymous_8)
FN:22,onChange
FN:29,TextControl
FNF:3
FNH:0
FNDA:0,(anonymous_8)
FNDA:0,onChange
FNDA:0,TextControl
DA:1,0
DA:2,0
DA:3,0
DA:4,0
DA:6,0
DA:19,0
DA:22,0
DA:29,0
DA:31,0
DA:32,0
DA:33,0
DA:36,0
DA:37,0
DA:40,0
DA:41,0
DA:42,0
DA:43,0
DA:44,0
DA:46,0
DA:49,0
DA:50,0
DA:51,0
DA:52,0
DA:54,0
DA:57,0
DA:60,0
DA:73,0
DA:74,0
LF:28
LH:0
BRDA:29,0,0,0
BRDA:29,0,1,0
BRDA:31,1,0,0
BRDA:31,1,1,0
BRDA:36,2,0,0
BRDA:36,2,1,0
BRDA:41,3,0,0
BRDA:41,3,1,0
BRDA:43,4,0,0
BRDA:43,4,1,0
BRDA:49,5,0,0
BRDA:49,5,1,0
BRDA:51,6,0,0
BRDA:51,6,1,0
BRF:14
BRH:0
end_of_record
TN:
SF:/Users/maxime_beauchemin/code/caravel/superset/assets/javascripts/explorev2/components/controls/VizTypeControl.jsx
FN:17,(anonymous_7)
FN:17,onChange
FN:21,VizTypeControl
FN:68,(anonymous_19)
FN:70,(anonymous_20)
FNF:5
FNH:0
FNDA:0,(anonymous_7)
FNDA:0,onChange
FNDA:0,VizTypeControl
FNDA:0,(anonymous_19)
FNDA:0,(anonymous_20)
DA:1,0
DA:2,0
DA:3,0
DA:4,0
DA:6,0
DA:8,0
DA:16,0
DA:17,0
DA:21,0
DA:23,0
DA:27,0
DA:28,0
DA:31,0
DA:32,0
DA:35,0
DA:38,0
DA:40,0
DA:41,0
DA:42,0
DA:68,0
DA:70,0
DA:94,0
DA:95,0
LF:23
LH:0
BRDA:21,0,0,0
BRDA:21,0,1,0
BRDA:69,1,0,0
BRDA:69,1,1,0
BRDA:72,2,0,0
BRDA:72,2,1,0
BRDA:80,3,0,0
BRDA:80,3,1,0
BRF:8
BRH:0
end_of_record
TN:
SF:/Users/maxime_beauchemin/code/caravel/superset/assets/javascripts/explorev2/reducers/exploreReducer.js
FN:7,(anonymous_2)
FN:7,exploreReducer
FN:8,(anonymous_4)
FN:8,(anonymous_5)
FN:8,(anonymous_6)
FN:8,(anonymous_7)
FN:8,(anonymous_8)
FN:8,(anonymous_9)
FN:8,(anonymous_10)
FN:8,(anonymous_11)
FN:8,(anonymous_12)
FN:8,(anonymous_13)
FN:8,(anonymous_14)
FN:8,(anonymous_15)
FN:8,(anonymous_16)
FN:8,(anonymous_17)
FN:8,(anonymous_18)
FN:8,(anonymous_19)
FN:8,(anonymous_20)
FN:8,(anonymous_21)
FN:8,(anonymous_22)
FN:8,(anonymous_23)
FN:8,(anonymous_24)
FN:8,(anonymous_25)
FN:8,(anonymous_26)
FN:8,(anonymous_27)
FN:8,(anonymous_28)
FN:8,(anonymous_29)
FNF:28
FNH:0
FNDA:0,(anonymous_2)
FNDA:0,exploreReducer
FNDA:0,(anonymous_4)
FNDA:0,(anonymous_5)
FNDA:0,(anonymous_6)
FNDA:0,(anonymous_7)
FNDA:0,(anonymous_8)
FNDA:0,(anonymous_9)
FNDA:0,(anonymous_10)
FNDA:0,(anonymous_11)
FNDA:0,(anonymous_12)
FNDA:0,(anonymous_13)
FNDA:0,(anonymous_14)
FNDA:0,(anonymous_15)
FNDA:0,(anonymous_16)
FNDA:0,(anonymous_17)
FNDA:0,(anonymous_18)
FNDA:0,(anonymous_19)
FNDA:0,(anonymous_20)
FNDA:0,(anonymous_21)
FNDA:0,(anonymous_22)
FNDA:0,(anonymous_23)
FNDA:0,(anonymous_24)
FNDA:0,(anonymous_25)
FNDA:0,(anonymous_26)
FNDA:0,(anonymous_27)
FNDA:0,(anonymous_28)
FNDA:0,(anonymous_29)
DA:2,0
DA:3,0
DA:4,0
DA:5,0
DA:7,0
DA:8,0
DA:10,0
DA:14,0
DA:18,0
DA:23,0
DA:30,0
DA:33,0
DA:37,0
DA:42,0
DA:49,0
DA:52,0
DA:55,0
DA:59,0
DA:63,0
DA:64,0
DA:65,0
DA:66,0
DA:67,0
DA:68,0
DA:69,0
DA:70,0
DA:72,0
DA:75,0
DA:85,0
DA:96,0
DA:103,0
DA:109,0
DA:114,0
DA:124,0
DA:132,0
DA:133,0
DA:134,0
DA:136,0
DA:139,0
DA:140,0
DA:142,0
DA:145,0
DA:148,0
DA:151,0
DA:152,0
DA:155,0
DA:158,0
DA:159,0
DA:161,0
LF:49
LH:0
BRDA:69,0,0,0
BRDA:69,0,1,0
BRDA:126,1,0,0
BRDA:126,1,1,0
BRDA:133,2,0,0
BRDA:133,2,1,0
BRDA:133,3,0,0
BRDA:133,3,1,0
BRDA:139,4,0,0
BRDA:139,4,1,0
BRDA:158,5,0,0
BRDA:158,5,1,0
BRF:12
BRH:0
end_of_record
TN:
SF:/Users/maxime_beauchemin/code/caravel/superset/assets/javascripts/explorev2/stores/controls.jsx
FN:36,(anonymous_2)
FN:36,mapStateToProps
FN:61,(anonymous_4)
FN:61,_default
FN:63,(anonymous_6)
FN:63,mapStateToProps
FN:75,(anonymous_8)
FN:75,mapStateToProps
FN:85,(anonymous_10)
FN:85,_default
FN:87,(anonymous_12)
FN:87,mapStateToProps
FN:98,(anonymous_14)
FN:98,mapStateToProps
FN:257,(anonymous_16)
FN:257,mapStateToProps
FN:282,(anonymous_18)
FN:282,mapStateToProps
FN:291,(anonymous_20)
FN:291,mapStateToProps
FN:304,(anonymous_22)
FN:304,mapStateToProps
FN:314,(anonymous_24)
FN:314,mapStateToProps
FN:324,(anonymous_26)
FN:324,mapStateToProps
FN:425,(anonymous_28)
FN:425,_default
FN:432,(anonymous_30)
FN:432,mapStateToProps
FN:440,(anonymous_32)
FN:440,_default
FN:446,(anonymous_34)
FN:446,mapStateToProps
FN:574,(anonymous_36)
FN:574,mapStateToProps
FN:603,(anonymous_38)
FN:603,mapStateToProps
FN:613,(anonymous_40)
FN:613,mapStateToProps
FN:623,(anonymous_42)
FN:623,mapStateToProps
FN:633,(anonymous_44)
FN:633,mapStateToProps
FN:642,(anonymous_46)
FN:642,mapStateToProps
FN:1006,(anonymous_48)
FN:1006,mapStateToProps
FN:1054,(anonymous_50)
FN:1054,mapStateToProps
FN:1173,(anonymous_52)
FN:1173,mapStateToProps
FN:1183,(anonymous_54)
FN:1183,mapStateToProps
FNF:54
FNH:0
FNDA:0,(anonymous_2)
FNDA:0,mapStateToProps
FNDA:0,(anonymous_4)
FNDA:0,_default
FNDA:0,(anonymous_6)
FNDA:0,mapStateToProps
FNDA:0,(anonymous_8)
FNDA:0,mapStateToProps
FNDA:0,(anonymous_10)
FNDA:0,_default
FNDA:0,(anonymous_12)
FNDA:0,mapStateToProps
FNDA:0,(anonymous_14)
FNDA:0,mapStateToProps
FNDA:0,(anonymous_16)
FNDA:0,mapStateToProps
FNDA:0,(anonymous_18)
FNDA:0,mapStateToProps
FNDA:0,(anonymous_20)
FNDA:0,mapStateToProps
FNDA:0,(anonymous_22)
FNDA:0,mapStateToProps
FNDA:0,(anonymous_24)
FNDA:0,mapStateToProps
FNDA:0,(anonymous_26)
FNDA:0,mapStateToProps
FNDA:0,(anonymous_28)
FNDA:0,_default
FNDA:0,(anonymous_30)
FNDA:0,mapStateToProps
FNDA:0,(anonymous_32)
FNDA:0,_default
FNDA:0,(anonymous_34)
FNDA:0,mapStateToProps
FNDA:0,(anonymous_36)
FNDA:0,mapStateToProps
FNDA:0,(anonymous_38)
FNDA:0,mapStateToProps
FNDA:0,(anonymous_40)
FNDA:0,mapStateToProps
FNDA:0,(anonymous_42)
FNDA:0,mapStateToProps
FNDA:0,(anonymous_44)
FNDA:0,mapStateToProps
FNDA:0,(anonymous_46)
FNDA:0,mapStateToProps
FNDA:0,(anonymous_48)
FNDA:0,mapStateToProps
FNDA:0,(anonymous_50)
FNDA:0,mapStateToProps
FNDA:0,(anonymous_52)
FNDA:0,mapStateToProps
FNDA:0,(anonymous_54)
FNDA:0,mapStateToProps
DA:1,0
DA:2,0
DA:3,0
DA:5,0
DA:8,0
DA:17,0
DA:19,0
DA:21,0
DA:29,0
DA:36,0
DA:37,0
DA:38,0
DA:61,0
DA:63,0
DA:75,0
DA:85,0
DA:87,0
DA:98,0
DA:257,0
DA:282,0
DA:291,0
DA:304,0
DA:314,0
DA:324,0
DA:425,0
DA:432,0
DA:440,0
DA:446,0
DA:574,0
DA:603,0
DA:613,0
DA:623,0
DA:633,0
DA:642,0
DA:1006,0
DA:1054,0
DA:1173,0
DA:1183,0
LF:38
LH:0
BRDA:37,0,0,0
BRDA:37,0,1,0
BRDA:42,1,0,0
BRDA:42,1,1,0
BRDA:62,2,0,0
BRDA:62,2,1,0
BRDA:62,3,0,0
BRDA:62,3,1,0
BRDA:64,4,0,0
BRDA:64,4,1,0
BRDA:76,5,0,0
BRDA:76,5,1,0
BRDA:86,6,0,0
BRDA:86,6,1,0
BRDA:86,7,0,0
BRDA:86,7,1,0
BRDA:88,8,0,0
BRDA:88,8,1,0
BRDA:99,9,0,0
BRDA:99,9,1,0
BRDA:258,10,0,0
BRDA:258,10,1,0
BRDA:283,11,0,0
BRDA:283,11,1,0
BRDA:292,12,0,0
BRDA:292,12,1,0
BRDA:305,13,0,0
BRDA:305,13,1,0
BRDA:315,14,0,0
BRDA:315,14,1,0
BRDA:325,15,0,0
BRDA:325,15,1,0
BRDA:426,16,0,0
BRDA:426,16,1,0
BRDA:426,17,0,0
BRDA:426,17,1,0
BRDA:433,18,0,0
BRDA:433,18,1,0
BRDA:440,19,0,0
BRDA:440,19,1,0
BRDA:440,20,0,0
BRDA:440,20,1,0
BRDA:447,21,0,0
BRDA:447,21,1,0
BRDA:575,22,0,0
BRDA:575,22,1,0
BRDA:604,23,0,0
BRDA:604,23,1,0
BRDA:614,24,0,0
BRDA:614,24,1,0
BRDA:624,25,0,0
BRDA:624,25,1,0
BRDA:634,26,0,0
BRDA:634,26,1,0
BRDA:643,27,0,0
BRDA:643,27,1,0
BRDA:1007,28,0,0
BRDA:1007,28,1,0
BRDA:1184,29,0,0
BRDA:1184,29,1,0
BRF:60
BRH:0
end_of_record
TN:
SF:/Users/maxime_beauchemin/code/caravel/superset/assets/javascripts/explorev2/stores/store.js
FN:5,getFormDataFromControls
FN:7,(anonymous_2)
FN:13,getControlNames
FN:16,(anonymous_4)
FN:17,(anonymous_5)
FN:18,(anonymous_6)
FN:22,getControlsState
FN:40,(anonymous_8)
FN:49,(anonymous_9)
FN:57,(anonymous_10)
FN:61,(anonymous_11)
FN:62,(anonymous_12)
FN:75,applyDefaultFormData
FN:82,(anonymous_14)
FN:106,(anonymous_15)
FNF:15
FNH:0
FNDA:0,getFormDataFromControls
FNDA:0,(anonymous_2)
FNDA:0,getControlNames
FNDA:0,(anonymous_4)
FNDA:0,(anonymous_5)
FNDA:0,(anonymous_6)
FNDA:0,getControlsState
FNDA:0,(anonymous_8)
FNDA:0,(anonymous_9)
FNDA:0,(anonymous_10)
FNDA:0,(anonymous_11)
FNDA:0,(anonymous_12)
FNDA:0,applyDefaultFormData
FNDA:0,(anonymous_14)
FNDA:0,(anonymous_15)
DA:2,0
DA:3,0
DA:6,0
DA:7,0
DA:8,0
DA:10,0
DA:14,0
DA:15,0
DA:16,0
DA:17,0
DA:18,0
DA:19,0
DA:32,0
DA:33,0
DA:35,0
DA:37,0
DA:38,0
DA:39,0
DA:40,0
DA:41,0
DA:42,0
DA:43,0
DA:44,0
DA:48,0
DA:49,0
DA:50,0
DA:51,0
DA:52,0
DA:53,0
DA:57,0
DA:58,0
DA:59,0
DA:61,0
DA:62,0
DA:65,0
DA:66,0
DA:68,0
DA:69,0
DA:70,0
DA:72,0
DA:76,0
DA:77,0
DA:78,0
DA:79,0
DA:80,0
DA:81,0
DA:82,0
DA:83,0
DA:84,0
DA:85,0
DA:87,0
DA:88,0
DA:89,0
DA:91,0
DA:94,0
DA:97,0
DA:100,0
DA:105,0
DA:106,0
DA:107,0
DA:110,0
LF:61
LH:0
BRDA:33,0,0,0
BRDA:33,0,1,0
BRDA:38,1,0,0
BRDA:38,1,1,0
BRDA:42,2,0,0
BRDA:42,2,1,0
BRDA:48,3,0,0
BRDA:48,3,1,0
BRDA:48,4,0,0
BRDA:48,4,1,0
BRDA:48,4,2,0
BRDA:48,4,3,0
BRDA:50,5,0,0
BRDA:50,5,1,0
BRDA:50,6,0,0
BRDA:50,6,1,0
BRDA:50,6,2,0
BRDA:52,7,0,0
BRDA:52,7,1,0
BRDA:52,8,0,0
BRDA:52,8,1,0
BRDA:52,8,2,0
BRDA:57,9,0,0
BRDA:57,9,1,0
BRDA:57,10,0,0
BRDA:57,10,1,0
BRDA:58,11,0,0
BRDA:58,11,1,0
BRDA:65,12,0,0
BRDA:65,12,1,0
BRDA:69,13,0,0
BRDA:69,13,1,0
BRDA:77,14,0,0
BRDA:77,14,1,0
BRDA:80,15,0,0
BRDA:80,15,1,0
BRDA:84,16,0,0
BRDA:84,16,1,0
BRDA:87,17,0,0
BRDA:87,17,1,0
BRDA:88,18,0,0
BRDA:88,18,1,0
BRF:42
BRH:0
end_of_record
TN:
SF:/Users/maxime_beauchemin/code/caravel/superset/assets/javascripts/explorev2/stores/visTypes.js
FN:769,sectionsToRender
FNF:1
FNH:0
FNDA:0,sectionsToRender
DA:1,0
DA:75,0
DA:770,0
DA:771,0
LF:4
LH:0
BRDA:773,0,0,0
BRDA:773,0,1,0
BRDA:775,1,0,0
BRDA:775,1,1,0
BRDA:776,2,0,0
BRDA:776,2,1,0
BRF:6
BRH:0
end_of_record
TN:
SF:/Users/maxime_beauchemin/code/caravel/superset/assets/javascripts/modules/colors.js
FN:51,(anonymous_1)
FN:54,(anonymous_2)
FN:69,(anonymous_3)
FN:69,colorScalerFactory
FN:81,(anonymous_5)
FNF:5
FNH:0
FNDA:0,(anonymous_1)
FNDA:0,(anonymous_2)
FNDA:0,(anonymous_3)
FNDA:0,colorScalerFactory
FNDA:0,(anonymous_5)
DA:1,0
DA:2,0
DA:5,0
DA:29,0
DA:51,0
DA:53,0
DA:54,0
DA:55,0
DA:56,0
DA:58,0
DA:60,0
DA:61,0
DA:62,0
DA:65,0
DA:69,0
DA:71,0
DA:73,0
DA:75,0
DA:76,0
DA:77,0
DA:79,0
DA:80,0
DA:81,0
DA:82,0
DA:84,0
LF:25
LH:0
BRDA:55,0,0,0
BRDA:55,0,1,0
BRDA:61,1,0,0
BRDA:61,1,1,0
BRDA:71,2,0,0
BRDA:71,2,1,0
BRDA:76,3,0,0
BRDA:76,3,1,0
BRF:8
BRH:0
end_of_record
TN:
SF:/Users/maxime_beauchemin/code/caravel/superset/assets/javascripts/modules/dates.js
FN:5,UTC
FN:18,(anonymous_2)
FN:25,(anonymous_3)
FN:32,(anonymous_4)
FN:39,(anonymous_5)
FN:46,(anonymous_6)
FN:53,(anonymous_7)
FN:60,(anonymous_8)
FN:65,(anonymous_9)
FN:65,formatDate
FN:70,(anonymous_11)
FN:70,timeFormatFactory
FN:72,(anonymous_13)
FN:77,(anonymous_14)
FN:77,fDuration
FN:83,(anonymous_16)
FN:83,now
FN:88,(anonymous_18)
FN:88,epochTimeXHoursAgo
FN:95,(anonymous_20)
FN:95,epochTimeXDaysAgo
FN:102,(anonymous_22)
FN:102,epochTimeXYearsAgo
FNF:23
FNH:0
FNDA:0,UTC
FNDA:0,(anonymous_2)
FNDA:0,(anonymous_3)
FNDA:0,(anonymous_4)
FNDA:0,(anonymous_5)
FNDA:0,(anonymous_6)
FNDA:0,(anonymous_7)
FNDA:0,(anonymous_8)
FNDA:0,(anonymous_9)
FNDA:0,formatDate
FNDA:0,(anonymous_11)
FNDA:0,timeFormatFactory
FNDA:0,(anonymous_13)
FNDA:0,(anonymous_14)
FNDA:0,fDuration
FNDA:0,(anonymous_16)
FNDA:0,now
FNDA:0,(anonymous_18)
FNDA:0,epochTimeXHoursAgo
FNDA:0,(anonymous_20)
FNDA:0,epochTimeXDaysAgo
FNDA:0,(anonymous_22)
FNDA:0,epochTimeXYearsAgo
DA:1,0
DA:3,0
DA:6,0
DA:15,0
DA:19,0
DA:26,0
DA:33,0
DA:40,0
DA:47,0
DA:54,0
DA:61,0
DA:65,0
DA:66,0
DA:68,0
DA:70,0
DA:71,0
DA:72,0
DA:73,0
DA:74,0
DA:77,0
DA:78,0
DA:79,0
DA:80,0
DA:83,0
DA:85,0
DA:88,0
DA:89,0
DA:95,0
DA:96,0
DA:102,0
DA:103,0
LF:31
LH:0
BRDA:54,0,0,0
BRDA:54,0,1,0
BRDA:77,1,0,0
BRDA:77,1,1,0
BRDA:77,2,0,0
BRDA:77,2,1,0
BRF:6
BRH:0
end_of_record
TN:
SF:/Users/maxime_beauchemin/code/caravel/superset/assets/javascripts/modules/superset.js
FN:11,(anonymous_1)
FN:13,getParam
FN:20,initFavStars
FN:23,show
FN:34,(anonymous_5)
FN:38,(anonymous_6)
FN:44,(anonymous_7)
FN:58,(anonymous_8)
FN:58,Slice
FN:65,(anonymous_10)
FN:65,getWidgetHeader
FN:65,render_template
FN:65,jsonEndpoint
FN:65,endpoint
FN:65,d3format
FN:65,always
FN:65,done
FN:65,getErrorMsg
FN:65,error
FN:65,clearError
FN:65,width
FN:65,height
FN:65,bindResizeToWindowResize
FN:192,(anonymous_36)
FN:194,(anonymous_37)
FN:65,render
FN:208,(anonymous_40)
FN:215,(anonymous_41)
FN:65,resize
FN:65,addFilter
FN:65,setFilter
FN:65,getFilters
FN:65,clearFilter
FN:65,removeFilter
FNF:34
FNH:0
FNDA:0,(anonymous_1)
FNDA:0,getParam
FNDA:0,initFavStars
FNDA:0,show
FNDA:0,(anonymous_5)
FNDA:0,(anonymous_6)
FNDA:0,(anonymous_7)
FNDA:0,(anonymous_8)
FNDA:0,Slice
FNDA:0,(anonymous_10)
FNDA:0,getWidgetHeader
FNDA:0,render_template
FNDA:0,jsonEndpoint
FNDA:0,endpoint
FNDA:0,d3format
FNDA:0,always
FNDA:0,done
FNDA:0,getErrorMsg
FNDA:0,error
FNDA:0,clearError
FNDA:0,width
FNDA:0,height
FNDA:0,bindResizeToWindowResize
FNDA:0,(anonymous_36)
FNDA:0,(anonymous_37)
FNDA:0,render
FNDA:0,(anonymous_40)
FNDA:0,(anonymous_41)
FNDA:0,resize
FNDA:0,addFilter
FNDA:0,setFilter
FNDA:0,getFilters
FNDA:0,clearFilter
FNDA:0,removeFilter
DA:2,0
DA:3,0
DA:4,0
DA:5,0
DA:6,0
DA:8,0
DA:11,0
DA:12,0
DA:15,0
DA:16,0
DA:17,0
DA:18,0
DA:21,0
DA:24,0
DA:25,0
DA:27,0
DA:30,0
DA:35,0
DA:36,0
DA:37,0
DA:38,0
DA:39,0
DA:40,0
DA:45,0
DA:46,0
DA:47,0
DA:48,0
DA:49,0
DA:51,0
DA:53,0
DA:54,0
DA:58,0
DA:59,0
DA:60,0
DA:61,0
DA:62,0
DA:63,0
DA:64,0
DA:65,0
DA:73,0
DA:76,0
DA:80,0
DA:83,0
DA:85,0
DA:86,0
DA:87,0
DA:88,0
DA:89,0
DA:91,0
DA:92,0
DA:95,0
DA:97,0
DA:102,0
DA:103,0
DA:104,0
DA:106,0
DA:110,0
DA:111,0
DA:115,0
DA:117,0
DA:118,0
DA:119,0
DA:121,0
DA:122,0
DA:123,0
DA:126,0
DA:127,0
DA:129,0
DA:130,0
DA:131,0
DA:132,0
DA:134,0
DA:138,0
DA:141,0
DA:144,0
DA:145,0
DA:146,0
DA:147,0
DA:148,0
DA:149,0
DA:150,0
DA:151,0
DA:152,0
DA:157,0
DA:158,0
DA:160,0
DA:161,0
DA:162,0
DA:163,0
DA:166,0
DA:167,0
DA:168,0
DA:169,0
DA:170,0
DA:171,0
DA:174,0
DA:177,0
DA:180,0
DA:181,0
DA:182,0
DA:183,0
DA:184,0
DA:186,0
DA:187,0
DA:190,0
DA:191,0
DA:192,0
DA:193,0
DA:194,0
DA:195,0
DA:199,0
DA:200,0
DA:201,0
DA:203,0
DA:205,0
DA:206,0
DA:207,0
DA:208,0
DA:209,0
DA:210,0
DA:211,0
DA:213,0
DA:216,0
DA:220,0
DA:222,0
DA:223,0
DA:225,0
DA:226,0
DA:229,0
DA:232,0
DA:235,0
DA:238,0
DA:241,0
DA:247,0
LF:134
LH:0
BRDA:18,0,0,0
BRDA:18,0,1,0
BRDA:24,1,0,0
BRDA:24,1,1,0
BRDA:39,2,0,0
BRDA:39,2,1,0
BRDA:48,3,0,0
BRDA:48,3,1,0
BRDA:85,4,0,0
BRDA:85,4,1,0
BRDA:85,5,0,0
BRDA:85,5,1,0
BRDA:88,6,0,0
BRDA:88,6,1,0
BRDA:92,7,0,0
BRDA:92,7,1,0
BRDA:103,8,0,0
BRDA:103,8,1,0
BRDA:110,9,0,0
BRDA:110,9,1,0
BRDA:110,10,0,0
BRDA:110,10,1,0
BRDA:126,11,0,0
BRDA:126,11,1,0
BRDA:130,12,0,0
BRDA:130,12,1,0
BRDA:132,13,0,0
BRDA:132,13,1,0
BRDA:151,14,0,0
BRDA:151,14,1,0
BRDA:157,15,0,0
BRDA:157,15,1,0
BRDA:160,16,0,0
BRDA:160,16,1,0
BRDA:162,17,0,0
BRDA:162,17,1,0
BRDA:183,18,0,0
BRDA:183,18,1,0
BRDA:200,19,0,0
BRDA:200,19,1,0
BRDA:222,20,0,0
BRDA:222,20,1,0
BRDA:222,21,0,0
BRDA:222,21,1,0
BRDA:222,22,0,0
BRDA:222,22,1,0
BRDA:222,23,0,0
BRDA:222,23,1,0
BRDA:225,24,0,0
BRDA:225,24,1,0
BRDA:225,25,0,0
BRDA:225,25,1,0
BRF:52
BRH:0
end_of_record
TN:
SF:/Users/maxime_beauchemin/code/caravel/superset/assets/javascripts/modules/utils.js
FN:12,wrapSvgText
FN:15,(anonymous_1)
FN:65,showModal
FN:76,showApiMessage
FN:87,toggleCheckbox
FN:89,(anonymous_5)
FN:100,(anonymous_6)
FN:100,fixDataTableBodyHeight
FN:105,d3format
FN:123,(anonymous_9)
FN:123,done
FN:124,(anonymous_11)
FN:124,error
FN:125,(anonymous_13)
FN:125,always
FN:126,(anonymous_15)
FN:126,addFiler
FN:127,(anonymous_17)
FN:127,setFilter
FN:128,(anonymous_19)
FN:128,getFilters
FN:129,(anonymous_21)
FN:129,clearFilter
FN:130,(anonymous_23)
FN:130,removeFilter
FN:134,formatSelectOptionsForRange
FN:145,formatSelectOptions
FN:146,(anonymous_27)
FN:151,slugify
FN:161,getAjaxErrorMsg
FN:167,customizeToolTip
FN:169,(anonymous_31)
FN:177,(anonymous_32)
FN:192,initJQueryAjax
FN:197,(anonymous_34)
FN:197,beforeSend
FNF:36
FNH:0
FNDA:0,wrapSvgText
FNDA:0,(anonymous_1)
FNDA:0,showModal
FNDA:0,showApiMessage
FNDA:0,toggleCheckbox
FNDA:0,(anonymous_5)
FNDA:0,(anonymous_6)
FNDA:0,fixDataTableBodyHeight
FNDA:0,d3format
FNDA:0,(anonymous_9)
FNDA:0,done
FNDA:0,(anonymous_11)
FNDA:0,error
FNDA:0,(anonymous_13)
FNDA:0,always
FNDA:0,(anonymous_15)
FNDA:0,addFiler
FNDA:0,(anonymous_17)
FNDA:0,setFilter
FNDA:0,(anonymous_19)
FNDA:0,getFilters
FNDA:0,(anonymous_21)
FNDA:0,clearFilter
FNDA:0,(anonymous_23)
FNDA:0,removeFilter
FNDA:0,formatSelectOptionsForRange
FNDA:0,formatSelectOptions
FNDA:0,(anonymous_27)
FNDA:0,slugify
FNDA:0,getAjaxErrorMsg
FNDA:0,customizeToolTip
FNDA:0,(anonymous_31)
FNDA:0,(anonymous_32)
FNDA:0,initJQueryAjax
FNDA:0,(anonymous_34)
FNDA:0,beforeSend
DA:2,0
DA:3,0
DA:13,0
DA:15,0
DA:16,0
DA:17,0
DA:18,0
DA:19,0
DA:20,0
DA:21,0
DA:22,0
DA:23,0
DA:25,0
DA:29,0
DA:30,0
DA:31,0
DA:32,0
DA:33,0
DA:34,0
DA:35,0
DA:37,0
DA:38,0
DA:39,0
DA:43,0
DA:46,0
DA:47,0
DA:67,0
DA:68,0
DA:69,0
DA:70,0
DA:71,0
DA:72,0
DA:78,0
DA:81,0
DA:82,0
DA:88,0
DA:89,0
DA:90,0
DA:91,0
DA:92,0
DA:100,0
DA:101,0
DA:102,0
DA:106,0
DA:108,0
DA:109,0
DA:110,0
DA:112,0
DA:113,0
DA:115,0
DA:121,0
DA:123,0
DA:124,0
DA:125,0
DA:126,0
DA:127,0
DA:128,0
DA:129,0
DA:130,0
DA:138,0
DA:139,0
DA:140,0
DA:142,0
DA:146,0
DA:153,0
DA:162,0
DA:163,0
DA:168,0
DA:169,0
DA:170,0
DA:171,0
DA:173,0
DA:177,0
DA:178,0
DA:179,0
DA:180,0
DA:186,0
DA:188,0
DA:195,0
DA:196,0
DA:197,0
DA:199,0
DA:200,0
LF:83
LH:0
BRDA:34,0,0,0
BRDA:34,0,1,0
BRDA:46,1,0,0
BRDA:46,1,1,0
BRDA:46,2,0,0
BRDA:46,2,1,0
BRDA:67,3,0,0
BRDA:67,3,1,0
BRDA:68,4,0,0
BRDA:68,4,1,0
BRDA:69,5,0,0
BRDA:69,5,1,0
BRDA:70,6,0,0
BRDA:70,6,1,0
BRDA:71,7,0,0
BRDA:71,7,1,0
BRDA:81,8,0,0
BRDA:81,8,1,0
BRDA:91,9,0,0
BRDA:91,9,1,0
BRDA:91,10,0,0
BRDA:91,10,1,0
BRDA:108,11,0,0
BRDA:108,11,1,0
BRDA:109,12,0,0
BRDA:109,12,1,0
BRDA:163,13,0,0
BRDA:163,13,1,0
BRDA:163,14,0,0
BRDA:163,14,1,0
BRDA:196,15,0,0
BRDA:196,15,1,0
BRDA:199,16,0,0
BRDA:199,16,1,0
BRDA:199,17,0,0
BRDA:199,17,1,0
BRF:36
BRH:0
end_of_record
TN:
SF:/Users/maxime_beauchemin/code/caravel/superset/assets/javascripts/modules/visUtils.js
FN:1,getTextWidth
FNF:1
FNH:0
FNDA:0,getTextWidth
DA:1,0
DA:2,0
DA:3,0
DA:4,0
DA:5,0
DA:6,0
LF:6
LH:0
BRDA:1,0,0,0
BRDA:1,0,1,0
BRDA:1,1,0,0
BRDA:1,1,1,0
BRF:4
BRH:0
end_of_record
TN:
SF:/Users/maxime_beauchemin/code/caravel/superset/assets/javascripts/profile/index.jsx
FNF:0
FNH:0
DA:2,0
DA:3,0
DA:4,0
DA:5,0
DA:6,0
DA:8,0
DA:10,0
DA:12,0
DA:13,0
DA:15,0
DA:16,0
LF:11
LH:0
BRF:0
BRH:0
end_of_record
TN:
SF:/Users/maxime_beauchemin/code/caravel/superset/assets/javascripts/profile/components/App.jsx
FN:14,App
FNF:1
FNH:0
FNDA:0,App
DA:1,0
DA:2,0
DA:3,0
DA:4,0
DA:5,0
DA:6,0
DA:7,0
DA:8,0
DA:10,0
DA:15,0
DA:52,0
LF:11
LH:0
BRF:0
BRH:0
end_of_record
TN:
SF:/Users/maxime_beauchemin/code/caravel/superset/assets/javascripts/profile/components/CreatedContent.jsx
FN:11,CreatedContent
FN:21,(anonymous_11)
FN:21,mutator
FN:21,(anonymous_13)
FN:38,(anonymous_16)
FN:38,mutator
FN:38,(anonymous_18)
FNF:7
FNH:0
FNDA:0,CreatedContent
FNDA:0,(anonymous_11)
FNDA:0,mutator
FNDA:0,(anonymous_13)
FNDA:0,(anonymous_16)
FNDA:0,mutator
FNDA:0,(anonymous_18)
DA:1,0
DA:2,0
DA:3,0
DA:4,0
DA:6,0
DA:11,0
DA:13,0
DA:21,0
DA:26,0
DA:38,0
DA:43,0
DA:55,0
DA:66,0
LF:13
LH:0
BRDA:11,0,0,0
BRDA:11,0,1,0
BRF:2
BRH:0
end_of_record
TN:
SF:/Users/maxime_beauchemin/code/caravel/superset/assets/javascripts/profile/components/Favorites.jsx
FN:11,Favorites
FN:21,(anonymous_11)
FN:21,mutator
FN:21,(anonymous_13)
FN:39,(anonymous_16)
FN:39,mutator
FN:39,(anonymous_18)
FNF:7
FNH:0
FNDA:0,Favorites
FNDA:0,(anonymous_11)
FNDA:0,mutator
FNDA:0,(anonymous_13)
FNDA:0,(anonymous_16)
FNDA:0,mutator
FNDA:0,(anonymous_18)
DA:1,0
DA:2,0
DA:3,0
DA:4,0
DA:6,0
DA:11,0
DA:13,0
DA:21,0
DA:27,0
DA:39,0
DA:44,0
DA:56,0
DA:67,0
LF:13
LH:0
BRDA:11,0,0,0
BRDA:11,0,1,0
BRF:2
BRH:0
end_of_record
TN:
SF:/Users/maxime_beauchemin/code/caravel/superset/assets/javascripts/profile/components/RecentActivity.jsx
FN:13,(anonymous_11)
FN:13,mutator
FN:14,(anonymous_13)
FNF:3
FNH:0
FNDA:0,(anonymous_11)
FNDA:0,mutator
FNDA:0,(anonymous_13)
DA:1,0
DA:2,0
DA:3,0
DA:5,0
DA:7,0
DA:13,0
DA:14,0
DA:21,0
DA:33,0
LF:9
LH:0
BRF:0
BRH:0
end_of_record
TN:
SF:/Users/maxime_beauchemin/code/caravel/superset/assets/javascripts/profile/components/Security.jsx
FN:8,Security
FN:15,(anonymous_2)
FN:24,(anonymous_3)
FN:35,(anonymous_4)
FNF:4
FNH:0
FNDA:0,Security
FNDA:0,(anonymous_2)
FNDA:0,(anonymous_3)
FNDA:0,(anonymous_4)
DA:1,0
DA:2,0
DA:3,0
DA:5,0
DA:8,0
DA:9,0
DA:15,0
DA:24,0
DA:35,0
DA:42,0
LF:10
LH:0
BRDA:19,0,0,0
BRDA:19,0,1,0
BRDA:30,1,0,0
BRDA:30,1,1,0
BRF:4
BRH:0
end_of_record
TN:
SF:/Users/maxime_beauchemin/code/caravel/superset/assets/javascripts/profile/components/TableLoader.jsx
FN:14,TableLoader
FN:22,(anonymous_11)
FN:34,(anonymous_14)
FN:46,(anonymous_15)
FN:48,(anonymous_16)
FNF:5
FNH:0
FNDA:0,TableLoader
FNDA:0,(anonymous_11)
FNDA:0,(anonymous_14)
FNDA:0,(anonymous_15)
FNDA:0,(anonymous_16)
DA:1,0
DA:2,0
DA:3,0
DA:4,0
DA:5,0
DA:7,0
DA:14,0
DA:16,0
DA:21,0
DA:22,0
DA:23,0
DA:24,0
DA:25,0
DA:27,0
DA:31,0
DA:32,0
DA:33,0
DA:34,0
DA:36,0
DA:37,0
DA:38,0
DA:39,0
DA:40,0
DA:42,0
DA:46,0
DA:49,0
DA:50,0
DA:55,0
DA:65,0
LF:29
LH:0
BRDA:14,0,0,0
BRDA:14,0,1,0
BRDA:24,1,0,0
BRDA:24,1,1,0
BRDA:33,2,0,0
BRDA:33,2,1,0
BRDA:33,3,0,0
BRDA:33,3,1,0
BRDA:39,4,0,0
BRDA:39,4,1,0
BRDA:49,5,0,0
BRDA:49,5,1,0
BRF:12
BRH:0
end_of_record
TN:
SF:/Users/maxime_beauchemin/code/caravel/superset/assets/javascripts/profile/components/UserInfo.jsx
FN:10,(anonymous_1)
FN:10,UserInfo
FNF:2
FNH:0
FNDA:0,(anonymous_1)
FNDA:0,UserInfo
DA:1,0
DA:2,0
DA:3,0
DA:4,0
DA:5,0
DA:7,0
DA:10,0
DA:48,0
LF:8
LH:0
BRF:0
BRH:0
end_of_record
